
2022-03-04 01:22:03,461: %UNICON-INFO: +++ A1-N-9300-Standalone logfile /ws/shmandal-sjc/pyats2021/users/shmandal/runinfo/biryani_job.2022Mar04_01:20:22.085731/A1-N-9300-Standalone-cli-1646385723.log +++

2022-03-04 01:22:03,461: %UNICON-INFO: +++ Unicon plugin iosxe/cat9k +++
Trying 172.21.227.156...


2022-03-04 01:22:03,490: %UNICON-INFO: +++ connection to spawn: telnet 172.21.227.156 2036, id: 139783382563856 +++

2022-03-04 01:22:03,490: %UNICON-INFO: connection to A1-N-9300-Standalone
Connected to 172.21.227.156.
Escape character is '^]'.

A1-N-9300-Standalone#

2022-03-04 01:22:04,313: %UNICON-INFO: +++ initializing handle +++

2022-03-04 01:22:04,387: %UNICON-INFO: +++ A1-N-9300-Standalone with via 'a': executing command 'term length 0' +++
term length 0
A1-N-9300-Standalone#

2022-03-04 01:22:04,605: %UNICON-INFO: +++ A1-N-9300-Standalone with via 'a': executing command 'term width 0' +++
term width 0
A1-N-9300-Standalone#

2022-03-04 01:22:04,822: %UNICON-INFO: +++ A1-N-9300-Standalone with via 'a': executing command 'show version' +++
show version
Cisco IOS XE Software, Version 17.06.02
Cisco IOS Software [Bengaluru], Catalyst L3 Switch Software (CAT9K_IOSXE), Version 17.6.2, RELEASE SOFTWARE (fc7)
Technical Support: http://www.cisco.com/techsupport
Copyright (c) 1986-2021 by Cisco Systems, Inc.
Compiled Tue 23-Nov-21 12:41 by mcpre


Cisco IOS-XE software, Copyright (c) 2005-2021 by cisco Systems, Inc.
All rights reserved.  Certain components of Cisco IOS-XE software are
licensed under the GNU General Public License ("GPL") Version 2.0.  The
software code licensed under GPL Version 2.0 is free software that comes
with ABSOLUTELY NO WARRANTY.  You can redistribute and/or modify such
GPL code under the terms of GPL Version 2.0.  For more details, see the
documentation or "License Notice" file accompanying the IOS-XE software,
or the applicable URL provided on the flyer accompanying the IOS-XE
software.


ROM: IOS-XE ROMMON
BOOTLDR: System Bootstrap, Version 17.8.1r[FC1], DEVELOPMENT SOFTWARE

A1-N-9300-Standalone uptime is 34 minutes
Uptime for this control processor is 35 minutes
System returned to ROM by Reload Command at 00:45:35 PST Fri Mar 4 2022
System restarted at 00:47:53 PST Fri Mar 4 2022
System image file is "flash:packages.conf"
Last reload reason: Reload Command



This product contains cryptographic features and is subject to United
States and local country laws governing import, export, transfer and
use. Delivery of Cisco cryptographic products does not imply
third-party authority to import, export, distribute or use encryption.
Importers, exporters, distributors and users are responsible for
compliance with U.S. and local country laws. By using this product you
agree to comply with applicable laws and regulations. If you are unable
to comply with U.S. and local laws, return this product immediately.

A summary of U.S. laws governing Cisco cryptographic products may be found at:
http://www.cisco.com/wwl/export/crypto/tool/stqrg.html

If you require further assistance please contact us by sending email to
export@cisco.com.


Technology Package License Information: 

------------------------------------------------------------------------------
Technology-package                                     Technology-package
Current                        Type                       Next reboot  
------------------------------------------------------------------------------
network-advantage   	Smart License                 	 network-advantage   
dna-advantage       	Subscription Smart License    	 dna-advantage                 
AIR License Level: AIR DNA Advantage
Next reload AIR license Level: AIR DNA Advantage


Smart Licensing Status: Registration Not Applicable/Not Applicable

cisco C9300-24T (X86) processor with 1317372K/6147K bytes of memory.
Processor board ID FCW2248E0JU
2 Virtual Ethernet interfaces
28 Gigabit Ethernet interfaces
8 Ten Gigabit Ethernet interfaces
2 TwentyFive Gigabit Ethernet interfaces
2 Forty Gigabit Ethernet interfaces
2048K bytes of non-volatile configuration memory.
8388608K bytes of physical memory.
1638400K bytes of Crash Files at crashinfo:.
11264000K bytes of Flash at flash:.

Base Ethernet MAC Address          : 00:29:c2:69:96:80
Motherboard Assembly Number        : 73-18270-03
Motherboard Serial Number          : FOC22474CH5
Model Revision Number              : A0
Motherboard Revision Number        : A0
Model Number                       : C9300-24T
System Serial Number               : FCW2248E0JU
CLEI Code Number                   : 


Switch Ports Model              SW Version        SW Image              Mode   
------ ----- -----              ----------        ----------            ----   
*    1 41    C9300-24T          17.06.02          CAT9K_IOSXE           INSTALL


A1-N-9300-Standalone#

2022-03-04 01:22:05,354: %UNICON-INFO: +++ A1-N-9300-Standalone with via 'a': configure +++
config term
Enter configuration commands, one per line.  End with CNTL/Z.
A1-N-9300-Standalone(config)#no logging console
A1-N-9300-Standalone(config)#line console 0
A1-N-9300-Standalone(config-line)#exec-timeout 0
A1-N-9300-Standalone(config-line)#end
A1-N-9300-Standalone#

2022-03-04 01:22:05,922: %UNICON-INFO: +++ A1-N-9300-Standalone with via 'a': executing command 'clear logging' +++
clear logging
Clear logging buffer [confirm]
A1-N-9300-Standalone#

2022-03-04 01:22:24,771: %UNICON-INFO: +++ A1-N-9300-Standalone with via 'a': configure +++
config term
Enter configuration commands, one per line.  End with CNTL/Z.
A1-N-9300-Standalone(config)#hostname A1-N-9300-Standalone
A1-N-9300-Standalone(config)#interface GigabitEthernet0/0
A1-N-9300-Standalone(config-if)#vrf forwarding Mgmt-vrf
A1-N-9300-Standalone(config-if)#ip addr 10.8.55.44 255.255.0.0
A1-N-9300-Standalone(config-if)#negotiation auto
A1-N-9300-Standalone(config-if)#no shut
A1-N-9300-Standalone(config-if)#ip routing
A1-N-9300-Standalone(config)#ip route vrf Mgmt-vrf 0.0.0.0 0.0.0.0 10.8.0.1
A1-N-9300-Standalone(config)#enable secret Secret12345
A1-N-9300-Standalone(config)#aaa new-model
A1-N-9300-Standalone(config)#aaa authentication login default local
A1-N-9300-Standalone(config)#aaa authorization exec default local
A1-N-9300-Standalone(config)#username admin privilege 15 secret Secret12345
A1-N-9300-Standalone(config)#username shishir privilege 15 secret lab
A1-N-9300-Standalone(config)#line vty 0 16
A1-N-9300-Standalone(config-line)# exec-timeout 0 0
A1-N-9300-Standalone(config-line)# transport input all
A1-N-9300-Standalone(config-line)#line vty 0 31
A1-N-9300-Standalone(config-line)# exec-timeout 0 0
A1-N-9300-Standalone(config-line)# transport input all
A1-N-9300-Standalone(config-line)#end
A1-N-9300-Standalone#

2022-03-04 01:22:25,712: %UNICON-INFO: +++ A1-N-9300-Standalone with via 'a': executing command 'write memory' +++
write memory
Building configuration...
[OK]
A1-N-9300-Standalone#

2022-03-04 01:22:26,334: %UNICON-INFO: +++ A1-N-9300-Standalone with via 'a': configure +++
config term
Enter configuration commands, one per line.  End with CNTL/Z.
A1-N-9300-Standalone(config)#!
A1-N-9300-Standalone(config)#ipv6 nd reachable-time 3600000
A1-N-9300-Standalone(config)#router ospfv3 1
A1-N-9300-Standalone(config-router)# interface-id snmp-if-index
A1-N-9300-Standalone(config-router)# address-family ipv4 unicast
A1-N-9300-Standalone(config-router-af)#  no redistribute ospf 2              
A1-N-9300-Standalone(config-router-af)#router ospf 2
A1-N-9300-Standalone(config-router)# network 172.16.254.1 0.0.0.0 area 0
A1-N-9300-Standalone(config-router)# network 192.168.254.0 0.0.0.255 area 0
A1-N-9300-Standalone(config-router)# bfd all-interfaces
A1-N-9300-Standalone(config-router)# nsf ietf
A1-N-9300-Standalone(config-router)#!
A1-N-9300-Standalone(config-router)#interface Port-channel3
A1-N-9300-Standalone(config-if)# description facing Core
A1-N-9300-Standalone(config-if)# ospfv3 retransmit-interval 10
A1-N-9300-Standalone(config-if)# ip ospf retransmit-interval 10
A1-N-9300-Standalone(config-if)#!
A1-N-9300-Standalone(config-if)#end
A1-N-9300-Standalone#

2022-03-04 01:22:27,257: %UNICON-INFO: +++ A1-N-9300-Standalone with via 'a': executing command 'write memory' +++
write memory
Building configuration...
[OK]
A1-N-9300-Standalone#

2022-03-04 01:22:44,810: %UNICON-INFO: +++ A1-N-9300-Standalone with via 'a': configure +++
config term
Enter configuration commands, one per line.  End with CNTL/Z.
A1-N-9300-Standalone(config)#! 
A1-N-9300-Standalone(config)#interface GigabitEthernet1/0/12
A1-N-9300-Standalone(config-if)# ip pim sparse-mode
A1-N-9300-Standalone(config-if)# ipv6 pim
A1-N-9300-Standalone(config-if)#!
A1-N-9300-Standalone(config-if)#interface Port-channel3
A1-N-9300-Standalone(config-if)# ip pim sparse-mode
A1-N-9300-Standalone(config-if)# ipv6 pim
A1-N-9300-Standalone(config-if)#!
A1-N-9300-Standalone(config-if)#interface Loopback0
A1-N-9300-Standalone(config-if)# ip pim sparse-mode
A1-N-9300-Standalone(config-if)# ipv6 pim
A1-N-9300-Standalone(config-if)#!
A1-N-9300-Standalone(config-if)#interface Loopback3
A1-N-9300-Standalone(config-if)# ip pim sparse-mode
A1-N-9300-Standalone(config-if)# ipv6 pim
A1-N-9300-Standalone(config-if)#!
A1-N-9300-Standalone(config-if)#end
A1-N-9300-Standalone#

2022-03-04 01:22:45,564: %UNICON-INFO: +++ A1-N-9300-Standalone with via 'a': executing command 'write memory' +++
write memory
Building configuration...
[OK]
A1-N-9300-Standalone#

2022-03-04 01:22:46,306: %UNICON-INFO: +++ A1-N-9300-Standalone with via 'a': executing command 'show ip ospf neighbor detail' +++
show ip ospf neighbor detail
 Neighbor 1.1.1.2, interface address 192.168.254.5, interface-id 42
    In the area 0 via interface Port-channel3
    BFD enabled, BFD session DOWN
    Neighbor priority is 1, State is FULL, 6 state changes
    DR is 192.168.254.6 BDR is 192.168.254.5
    Options is 0x12 in Hello (E-bit, L-bit)
    Options is 0x52 in DBD (E-bit, L-bit, O-bit)
    LLS Options is 0x1 (LR)
    Dead timer due in 00:00:33
    Neighbor is up for 00:33:18
    Index 1/11/11, retransmission queue length 0, number of retransmission 0
    First 0x0(0)/0x0(0)/0x0(0) Next 0x0(0)/0x0(0)/0x0(0)
    Last retransmission scan length is 0, maximum is 0
    Last retransmission scan time is 0 msec, maximum is 0 msec
 Neighbor 134.64.0.1, interface address 172.16.254.2
    In the area 0 via interface GigabitEthernet1/0/12
    Neighbor priority is 0, State is FULL, 6 state changes
    DR is 172.16.254.1 BDR is 0.0.0.0
    Options is 0x2 in Hello (E-bit)
    Options is 0x2 in DBD (E-bit)
    Dead timer due in 00:00:35
    Neighbor is up for 00:17:15
    Index 1/1/1, retransmission queue length 0, number of retransmission 0
    First 0x0(0)/0x0(0)/0x0(0) Next 0x0(0)/0x0(0)/0x0(0)
    Last retransmission scan length is 0, maximum is 0
    Last retransmission scan time is 0 msec, maximum is 0 msec
 Neighbor 134.64.0.2, interface address 172.16.254.3
    In the area 0 via interface GigabitEthernet1/0/12
    Neighbor priority is 0, State is FULL, 6 state changes
    DR is 172.16.254.1 BDR is 0.0.0.0
    Options is 0x2 in Hello (E-bit)
    Options is 0x2 in DBD (E-bit)
    Dead timer due in 00:00:38
    Neighbor is up for 00:17:11
    Index 4/4/4, retransmission queue length 0, number of retransmission 0
    First 0x0(0)/0x0(0)/0x0(0) Next 0x0(0)/0x0(0)/0x0(0)
    Last retransmission scan length is 0, maximum is 0
    Last retransmission scan time is 0 msec, maximum is 0 msec
 Neighbor 134.64.0.3, interface address 172.16.254.4
    In the area 0 via interface GigabitEthernet1/0/12
    Neighbor priority is 0, State is FULL, 6 state changes
    DR is 172.16.254.1 BDR is 0.0.0.0
    Options is 0x2 in Hello (E-bit)
    Options is 0x2 in DBD (E-bit)
    Dead timer due in 00:00:38
    Neighbor is up for 00:17:11
    Index 2/2/2, retransmission queue length 0, number of retransmission 0
    First 0x0(0)/0x0(0)/0x0(0) Next 0x0(0)/0x0(0)/0x0(0)
    Last retransmission scan length is 0, maximum is 0
    Last retransmission scan time is 0 msec, maximum is 0 msec
 Neighbor 134.64.0.4, interface address 172.16.254.5
    In the area 0 via interface GigabitEthernet1/0/12
    Neighbor priority is 0, State is FULL, 6 state changes
    DR is 172.16.254.1 BDR is 0.0.0.0
    Options is 0x2 in Hello (E-bit)
    Options is 0x2 in DBD (E-bit)
    Dead timer due in 00:00:38
    Neighbor is up for 00:17:11
    Index 6/6/6, retransmission queue length 0, number of retransmission 0
    First 0x0(0)/0x0(0)/0x0(0) Next 0x0(0)/0x0(0)/0x0(0)
    Last retransmission scan length is 0, maximum is 0
    Last retransmission scan time is 0 msec, maximum is 0 msec
 Neighbor 134.64.0.5, interface address 172.16.254.6
    In the area 0 via interface GigabitEthernet1/0/12
    Neighbor priority is 0, State is FULL, 6 state changes
    DR is 172.16.254.1 BDR is 0.0.0.0
    Options is 0x2 in Hello (E-bit)
    Options is 0x2 in DBD (E-bit)
    Dead timer due in 00:00:38
    Neighbor is up for 00:17:11
    Index 5/5/5, retransmission queue length 0, number of retransmission 0
    First 0x0(0)/0x0(0)/0x0(0) Next 0x0(0)/0x0(0)/0x0(0)
    Last retransmission scan length is 0, maximum is 0
    Last retransmission scan time is 0 msec, maximum is 0 msec
 Neighbor 134.64.0.6, interface address 172.16.254.7
    In the area 0 via interface GigabitEthernet1/0/12
    Neighbor priority is 0, State is FULL, 6 state changes
    DR is 172.16.254.1 BDR is 0.0.0.0
    Options is 0x2 in Hello (E-bit)
    Options is 0x2 in DBD (E-bit)
    Dead timer due in 00:00:38
    Neighbor is up for 00:17:11
    Index 3/3/3, retransmission queue length 0, number of retransmission 0
    First 0x0(0)/0x0(0)/0x0(0) Next 0x0(0)/0x0(0)/0x0(0)
    Last retransmission scan length is 0, maximum is 0
    Last retransmission scan time is 0 msec, maximum is 0 msec
 Neighbor 134.64.0.7, interface address 172.16.254.8
    In the area 0 via interface GigabitEthernet1/0/12
    Neighbor priority is 0, State is FULL, 6 state changes
    DR is 172.16.254.1 BDR is 0.0.0.0
    Options is 0x2 in Hello (E-bit)
    Options is 0x2 in DBD (E-bit)
    Dead timer due in 00:00:38
    Neighbor is up for 00:17:11
    Index 10/10/10, retransmission queue length 0, number of retransmission 0
    First 0x0(0)/0x0(0)/0x0(0) Next 0x0(0)/0x0(0)/0x0(0)
    Last retransmission scan length is 0, maximum is 0
    Last retransmission scan time is 0 msec, maximum is 0 msec
 Neighbor 134.64.0.8, interface address 172.16.254.9
    In the area 0 via interface GigabitEthernet1/0/12
    Neighbor priority is 0, State is FULL, 6 state changes
    DR is 172.16.254.1 BDR is 0.0.0.0
    Options is 0x2 in Hello (E-bit)
    Options is 0x2 in DBD (E-bit)
    Dead timer due in 00:00:38
    Neighbor is up for 00:17:11
    Index 9/9/9, retransmission queue length 0, number of retransmission 0
    First 0x0(0)/0x0(0)/0x0(0) Next 0x0(0)/0x0(0)/0x0(0)
    Last retransmission scan length is 0, maximum is 0
    Last retransmission scan time is 0 msec, maximum is 0 msec
 Neighbor 134.64.0.9, interface address 172.16.254.10
    In the area 0 via interface GigabitEthernet1/0/12
    Neighbor priority is 0, State is FULL, 6 state changes
    DR is 172.16.254.1 BDR is 0.0.0.0
    Options is 0x2 in Hello (E-bit)
    Options is 0x2 in DBD (E-bit)
    Dead timer due in 00:00:38
    Neighbor is up for 00:17:11
    Index 7/7/7, retransmission queue length 0, number of retransmission 0
    First 0x0(0)/0x0(0)/0x0(0) Next 0x0(0)/0x0(0)/0x0(0)
    Last retransmission scan length is 0, maximum is 0
    Last retransmission scan time is 0 msec, maximum is 0 msec
 Neighbor 134.64.0.10, interface address 172.16.254.11
    In the area 0 via interface GigabitEthernet1/0/12
    Neighbor priority is 0, State is FULL, 6 state changes
    DR is 172.16.254.1 BDR is 0.0.0.0
    Options is 0x2 in Hello (E-bit)
    Options is 0x2 in DBD (E-bit)
    Dead timer due in 00:00:38
    Neighbor is up for 00:17:11
    Index 8/8/8, retransmission queue length 0, number of retransmission 0
    First 0x0(0)/0x0(0)/0x0(0) Next 0x0(0)/0x0(0)/0x0(0)
    Last retransmission scan length is 0, maximum is 0
    Last retransmission scan time is 0 msec, maximum is 0 msec
A1-N-9300-Standalone#

2022-03-04 01:22:47,196: %UNICON-INFO: +++ A1-N-9300-Standalone with via 'a': executing command 'show ip ospf retransmission-list' +++
show ip ospf retransmission-list

            OSPF Router with ID (1.1.1.3) (Process ID 2)

 Neighbor 1.1.1.2, interface Port-channel3 address 192.168.254.5

 Neighbor 134.64.0.1, interface GigabitEthernet1/0/12 address 172.16.254.2

 Neighbor 134.64.0.2, interface GigabitEthernet1/0/12 address 172.16.254.3

 Neighbor 134.64.0.3, interface GigabitEthernet1/0/12 address 172.16.254.4

 Neighbor 134.64.0.4, interface GigabitEthernet1/0/12 address 172.16.254.5

 Neighbor 134.64.0.5, interface GigabitEthernet1/0/12 address 172.16.254.6

 Neighbor 134.64.0.6, interface GigabitEthernet1/0/12 address 172.16.254.7

 Neighbor 134.64.0.7, interface GigabitEthernet1/0/12 address 172.16.254.8

 Neighbor 134.64.0.8, interface GigabitEthernet1/0/12 address 172.16.254.9

 Neighbor 134.64.0.9, interface GigabitEthernet1/0/12 address 172.16.254.10

 Neighbor 134.64.0.10, interface GigabitEthernet1/0/12 address 172.16.254.11
A1-N-9300-Standalone#

2022-03-04 01:22:47,505: %UNICON-INFO: +++ A1-N-9300-Standalone with via 'a': executing command 'show ip ospf neighbor detail | include retransmission' +++
show ip ospf neighbor detail | include retransmission
    Index 1/11/11, retransmission queue length 0, number of retransmission 0
    Last retransmission scan length is 0, maximum is 0
    Last retransmission scan time is 0 msec, maximum is 0 msec
    Index 1/1/1, retransmission queue length 0, number of retransmission 0
    Last retransmission scan length is 0, maximum is 0
    Last retransmission scan time is 0 msec, maximum is 0 msec
    Index 4/4/4, retransmission queue length 0, number of retransmission 0
    Last retransmission scan length is 0, maximum is 0
    Last retransmission scan time is 0 msec, maximum is 0 msec
    Index 2/2/2, retransmission queue length 0, number of retransmission 0
    Last retransmission scan length is 0, maximum is 0
    Last retransmission scan time is 0 msec, maximum is 0 msec
    Index 6/6/6, retransmission queue length 0, number of retransmission 0
    Last retransmission scan length is 0, maximum is 0
    Last retransmission scan time is 0 msec, maximum is 0 msec
    Index 5/5/5, retransmission queue length 0, number of retransmission 0
    Last retransmission scan length is 0, maximum is 0
    Last retransmission scan time is 0 msec, maximum is 0 msec
    Index 3/3/3, retransmission queue length 0, number of retransmission 0
    Last retransmission scan length is 0, maximum is 0
    Last retransmission scan time is 0 msec, maximum is 0 msec
    Index 10/10/10, retransmission queue length 0, number of retransmission 0
    Last retransmission scan length is 0, maximum is 0
    Last retransmission scan time is 0 msec, maximum is 0 msec
    Index 9/9/9, retransmission queue length 0, number of retransmission 0
    Last retransmission scan length is 0, maximum is 0
    Last retransmission scan time is 0 msec, maximum is 0 msec
    Index 7/7/7, retransmission queue length 0, number of retransmission 0
    Last retransmission scan length is 0, maximum is 0
    Last retransmission scan time is 0 msec, maximum is 0 msec
    Index 8/8/8, retransmission queue length 0, number of retransmission 0
    Last retransmission scan length is 0, maximum is 0
    Last retransmission scan time is 0 msec, maximum is 0 msec
A1-N-9300-Standalone#

2022-03-04 01:22:47,937: %UNICON-INFO: +++ A1-N-9300-Standalone with via 'a': executing command 'show ospfv3 neighbor detail' +++
show ospfv3 neighbor detail

          OSPFv3 1 address-family ipv4 (router-id 1.1.1.3)

 Neighbor 1.1.1.2, interface address 192.168.254.5
    In the area 0 via interface Port-channel3
    BFD enabled, BFD session DOWN
    Neighbor: interface-id 40, link-local address FE80::72B3:17FF:FE8F:543F
    Neighbor priority is 1, State is FULL, 6 state changes
    DR is 1.1.1.3 BDR is 1.1.1.2
    Options is 0x000112 in Hello (E-Bit, R-Bit, AF-Bit)
    Options is 0x000112 in DBD (E-Bit, R-Bit, AF-Bit)
    Dead timer due in 00:00:34
    Neighbor is up for 00:33:28
    Index 1/1/1, retransmission queue length 0, number of retransmission 0
    First 0x0(0)/0x0(0)/0x0(0) Next 0x0(0)/0x0(0)/0x0(0)
    Last retransmission scan length is 0, maximum is 0
    Last retransmission scan time is 0 msec, maximum is 0 msec

          OSPFv3 1 address-family ipv6 (router-id 1.1.1.3)

 Neighbor 134.64.0.1
    In the area 0 via interface GigabitEthernet1/0/12
    Neighbor: interface-id 1, link-local address FE80::200:7FF:FE35:4586
    Neighbor priority is 0, State is FULL, 6 state changes
    DR is 1.1.1.3 BDR is 0.0.0.0
    Options is 0x000013 in Hello (V6-Bit, E-Bit, R-Bit)
    Options is 0x000013 in DBD (V6-Bit, E-Bit, R-Bit)
    Dead timer due in 00:00:33
    Neighbor is up for 00:17:07
    Index 1/1/1, retransmission queue length 0, number of retransmission 0
    First 0x0(0)/0x0(0)/0x0(0) Next 0x0(0)/0x0(0)/0x0(0)
    Last retransmission scan length is 0, maximum is 0
    Last retransmission scan time is 0 msec, maximum is 0 msec

 Neighbor 134.64.0.2
    In the area 0 via interface GigabitEthernet1/0/12
    Neighbor: interface-id 1, link-local address FE80::200:7FF:FE4D:C80
    Neighbor priority is 0, State is FULL, 6 state changes
    DR is 1.1.1.3 BDR is 0.0.0.0
    Options is 0x000013 in Hello (V6-Bit, E-Bit, R-Bit)
    Options is 0x000013 in DBD (V6-Bit, E-Bit, R-Bit)
    Dead timer due in 00:00:33
    Neighbor is up for 00:17:07
    Index 2/2/2, retransmission queue length 0, number of retransmission 0
    First 0x0(0)/0x0(0)/0x0(0) Next 0x0(0)/0x0(0)/0x0(0)
    Last retransmission scan length is 0, maximum is 0
    Last retransmission scan time is 0 msec, maximum is 0 msec

 Neighbor 134.64.0.3
    In the area 0 via interface GigabitEthernet1/0/12
    Neighbor: interface-id 1, link-local address FE80::200:7FF:FE4D:C82
    Neighbor priority is 0, State is FULL, 6 state changes
    DR is 1.1.1.3 BDR is 0.0.0.0
    Options is 0x000013 in Hello (V6-Bit, E-Bit, R-Bit)
    Options is 0x000013 in DBD (V6-Bit, E-Bit, R-Bit)
    Dead timer due in 00:00:33
    Neighbor is up for 00:17:07
    Index 3/3/3, retransmission queue length 0, number of retransmission 0
    First 0x0(0)/0x0(0)/0x0(0) Next 0x0(0)/0x0(0)/0x0(0)
    Last retransmission scan length is 0, maximum is 0
    Last retransmission scan time is 0 msec, maximum is 0 msec

 Neighbor 134.64.0.4
    In the area 0 via interface GigabitEthernet1/0/12
    Neighbor: interface-id 1, link-local address FE80::200:7FF:FE4D:C84
    Neighbor priority is 0, State is FULL, 6 state changes
    DR is 1.1.1.3 BDR is 0.0.0.0
    Options is 0x000013 in Hello (V6-Bit, E-Bit, R-Bit)
    Options is 0x000013 in DBD (V6-Bit, E-Bit, R-Bit)
    Dead timer due in 00:00:33
    Neighbor is up for 00:17:07
    Index 4/4/4, retransmission queue length 0, number of retransmission 0
    First 0x0(0)/0x0(0)/0x0(0) Next 0x0(0)/0x0(0)/0x0(0)
    Last retransmission scan length is 0, maximum is 0
    Last retransmission scan time is 0 msec, maximum is 0 msec

 Neighbor 134.64.0.5
    In the area 0 via interface GigabitEthernet1/0/12
    Neighbor: interface-id 1, link-local address FE80::200:7FF:FE4D:C86
    Neighbor priority is 0, State is FULL, 6 state changes
    DR is 1.1.1.3 BDR is 0.0.0.0
    Options is 0x000013 in Hello (V6-Bit, E-Bit, R-Bit)
    Options is 0x000013 in DBD (V6-Bit, E-Bit, R-Bit)
    Dead timer due in 00:00:33
    Neighbor is up for 00:17:07
    Index 5/5/5, retransmission queue length 0, number of retransmission 0
    First 0x0(0)/0x0(0)/0x0(0) Next 0x0(0)/0x0(0)/0x0(0)
    Last retransmission scan length is 0, maximum is 0
    Last retransmission scan time is 0 msec, maximum is 0 msec

 Neighbor 134.64.0.6
    In the area 0 via interface GigabitEthernet1/0/12
    Neighbor: interface-id 1, link-local address FE80::200:7FF:FE4D:C88
    Neighbor priority is 0, State is FULL, 6 state changes
    DR is 1.1.1.3 BDR is 0.0.0.0
    Options is 0x000013 in Hello (V6-Bit, E-Bit, R-Bit)
    Options is 0x000013 in DBD (V6-Bit, E-Bit, R-Bit)
    Dead timer due in 00:00:33
    Neighbor is up for 00:17:07
    Index 6/6/6, retransmission queue length 0, number of retransmission 0
    First 0x0(0)/0x0(0)/0x0(0) Next 0x0(0)/0x0(0)/0x0(0)
    Last retransmission scan length is 0, maximum is 0
    Last retransmission scan time is 0 msec, maximum is 0 msec

 Neighbor 134.64.0.7
    In the area 0 via interface GigabitEthernet1/0/12
    Neighbor: interface-id 1, link-local address FE80::200:7FF:FE4D:C8A
    Neighbor priority is 0, State is FULL, 6 state changes
    DR is 1.1.1.3 BDR is 0.0.0.0
    Options is 0x000013 in Hello (V6-Bit, E-Bit, R-Bit)
    Options is 0x000013 in DBD (V6-Bit, E-Bit, R-Bit)
    Dead timer due in 00:00:33
    Neighbor is up for 00:17:07
    Index 7/7/7, retransmission queue length 0, number of retransmission 0
    First 0x0(0)/0x0(0)/0x0(0) Next 0x0(0)/0x0(0)/0x0(0)
    Last retransmission scan length is 0, maximum is 0
    Last retransmission scan time is 0 msec, maximum is 0 msec

 Neighbor 134.64.0.8
    In the area 0 via interface GigabitEthernet1/0/12
    Neighbor: interface-id 1, link-local address FE80::200:7FF:FE4D:C8C
    Neighbor priority is 0, State is FULL, 6 state changes
    DR is 1.1.1.3 BDR is 0.0.0.0
    Options is 0x000013 in Hello (V6-Bit, E-Bit, R-Bit)
    Options is 0x000013 in DBD (V6-Bit, E-Bit, R-Bit)
    Dead timer due in 00:00:33
    Neighbor is up for 00:17:07
    Index 8/8/8, retransmission queue length 0, number of retransmission 0
    First 0x0(0)/0x0(0)/0x0(0) Next 0x0(0)/0x0(0)/0x0(0)
    Last retransmission scan length is 0, maximum is 0
    Last retransmission scan time is 0 msec, maximum is 0 msec

 Neighbor 134.64.0.9
    In the area 0 via interface GigabitEthernet1/0/12
    Neighbor: interface-id 1, link-local address FE80::200:7FF:FE4D:C8E
    Neighbor priority is 0, State is FULL, 6 state changes
    DR is 1.1.1.3 BDR is 0.0.0.0
    Options is 0x000013 in Hello (V6-Bit, E-Bit, R-Bit)
    Options is 0x000013 in DBD (V6-Bit, E-Bit, R-Bit)
    Dead timer due in 00:00:33
    Neighbor is up for 00:17:07
    Index 9/9/9, retransmission queue length 0, number of retransmission 0
    First 0x0(0)/0x0(0)/0x0(0) Next 0x0(0)/0x0(0)/0x0(0)
    Last retransmission scan length is 0, maximum is 0
    Last retransmission scan time is 0 msec, maximum is 0 msec

 Neighbor 134.64.0.10
    In the area 0 via interface GigabitEthernet1/0/12
    Neighbor: interface-id 1, link-local address FE80::200:7FF:FE4D:C90
    Neighbor priority is 0, State is FULL, 6 state changes
    DR is 1.1.1.3 BDR is 0.0.0.0
    Options is 0x000013 in Hello (V6-Bit, E-Bit, R-Bit)
    Options is 0x000013 in DBD (V6-Bit, E-Bit, R-Bit)
    Dead timer due in 00:00:33
    Neighbor is up for 00:17:07
    Index 10/10/10, retransmission queue length 0, number of retransmission 0
    First 0x0(0)/0x0(0)/0x0(0) Next 0x0(0)/0x0(0)/0x0(0)
    Last retransmission scan length is 0, maximum is 0
    Last retransmission scan time is 0 msec, maximum is 0 msec

 Neighbor 1.1.1.2
    In the area 0 via interface Port-channel3
    BFD enabled, BFD session DOWN
    Neighbor: interface-id 40, link-local address FE80::72B3:17FF:FE8F:543F
    Neighbor priority is 1, State is FULL, 6 state changes
    DR is 1.1.1.3 BDR is 1.1.1.2
    Options is 0x000013 in Hello (V6-Bit, E-Bit, R-Bit)
    Options is 0x000013 in DBD (V6-Bit, E-Bit, R-Bit)
    Dead timer due in 00:00:34
    Neighbor is up for 00:33:18
    Index 1/11/11, retransmission queue length 0, number of retransmission 0
    First 0x0(0)/0x0(0)/0x0(0) Next 0x0(0)/0x0(0)/0x0(0)
    Last retransmission scan length is 0, maximum is 0
    Last retransmission scan time is 0 msec, maximum is 0 msec
A1-N-9300-Standalone#

2022-03-04 01:22:48,978: %UNICON-INFO: +++ A1-N-9300-Standalone with via 'a': executing command 'show ospfv3 neighbor detail | include retransmission' +++
show ospfv3 neighbor detail | include retransmission
    Index 1/1/1, retransmission queue length 0, number of retransmission 0
    Last retransmission scan length is 0, maximum is 0
    Last retransmission scan time is 0 msec, maximum is 0 msec
    Index 1/1/1, retransmission queue length 0, number of retransmission 0
    Last retransmission scan length is 0, maximum is 0
    Last retransmission scan time is 0 msec, maximum is 0 msec
    Index 2/2/2, retransmission queue length 0, number of retransmission 0
    Last retransmission scan length is 0, maximum is 0
    Last retransmission scan time is 0 msec, maximum is 0 msec
    Index 3/3/3, retransmission queue length 0, number of retransmission 0
    Last retransmission scan length is 0, maximum is 0
    Last retransmission scan time is 0 msec, maximum is 0 msec
    Index 4/4/4, retransmission queue length 0, number of retransmission 0
    Last retransmission scan length is 0, maximum is 0
    Last retransmission scan time is 0 msec, maximum is 0 msec
    Index 5/5/5, retransmission queue length 0, number of retransmission 0
    Last retransmission scan length is 0, maximum is 0
    Last retransmission scan time is 0 msec, maximum is 0 msec
    Index 6/6/6, retransmission queue length 0, number of retransmission 0
    Last retransmission scan length is 0, maximum is 0
    Last retransmission scan time is 0 msec, maximum is 0 msec
    Index 7/7/7, retransmission queue length 0, number of retransmission 0
    Last retransmission scan length is 0, maximum is 0
    Last retransmission scan time is 0 msec, maximum is 0 msec
    Index 8/8/8, retransmission queue length 0, number of retransmission 0
    Last retransmission scan length is 0, maximum is 0
    Last retransmission scan time is 0 msec, maximum is 0 msec
    Index 9/9/9, retransmission queue length 0, number of retransmission 0
    Last retransmission scan length is 0, maximum is 0
    Last retransmission scan time is 0 msec, maximum is 0 msec
    Index 10/10/10, retransmission queue length 0, number of retransmission 0
    Last retransmission scan length is 0, maximum is 0
    Last retransmission scan time is 0 msec, maximum is 0 msec
    Index 1/11/11, retransmission queue length 0, number of retransmission 0
    Last retransmission scan length is 0, maximum is 0
    Last retransmission scan time is 0 msec, maximum is 0 msec
A1-N-9300-Standalone#

2022-03-04 01:22:49,442: %UNICON-INFO: +++ A1-N-9300-Standalone with via 'a': executing command 'show ospfv3 retransmission-list' +++
show ospfv3 retransmission-list

          OSPFv3 1 address-family ipv4 (router-id 1.1.1.3)

 Neighbor 1.1.1.2, interface Port-channel3

          OSPFv3 1 address-family ipv6 (router-id 1.1.1.3)

 Neighbor 134.64.0.1, interface GigabitEthernet1/0/12

 Neighbor 134.64.0.2, interface GigabitEthernet1/0/12

 Neighbor 134.64.0.3, interface GigabitEthernet1/0/12

 Neighbor 134.64.0.4, interface GigabitEthernet1/0/12

 Neighbor 134.64.0.5, interface GigabitEthernet1/0/12

 Neighbor 134.64.0.6, interface GigabitEthernet1/0/12

 Neighbor 134.64.0.7, interface GigabitEthernet1/0/12

 Neighbor 134.64.0.8, interface GigabitEthernet1/0/12

 Neighbor 134.64.0.9, interface GigabitEthernet1/0/12

 Neighbor 134.64.0.10, interface GigabitEthernet1/0/12

 Neighbor 1.1.1.2, interface Port-channel3
A1-N-9300-Standalone#

2022-03-04 01:28:40,312: %UNICON-INFO: +++ A1-N-9300-Standalone with via 'a': executing command 'clear logging' +++
clear logging
Clear logging buffer [confirm]
A1-N-9300-Standalone#

2022-03-04 01:28:40,546: %UNICON-INFO: +++ A1-N-9300-Standalone with via 'a': executing command 'show logging | include udld error detected on' +++
show logging | include udld error detected on
A1-N-9300-Standalone#

2022-03-04 01:28:40,762: %UNICON-INFO: +++ A1-N-9300-Standalone with via 'a': executing command 'show logging | include in err-disable state' +++
show logging | include in err-disable state
A1-N-9300-Standalone#

2022-03-04 01:28:40,982: %UNICON-INFO: +++ A1-N-9300-Standalone with via 'a': executing command 'show logging | include Too many retransmissions' +++
show logging | include Too many retransmissions
A1-N-9300-Standalone#

2022-03-04 01:28:41,208: %UNICON-INFO: +++ A1-N-9300-Standalone with via 'a': executing command 'show logging | include retransmissions' +++
show logging | include retransmissions
A1-N-9300-Standalone#

2022-03-04 01:28:41,430: %UNICON-INFO: +++ A1-N-9300-Standalone with via 'a': executing command 'show logging | include from DOWN to DOWN' +++
show logging | include from DOWN to DOWN
A1-N-9300-Standalone#

2022-03-04 01:28:41,654: %UNICON-INFO: +++ A1-N-9300-Standalone with via 'a': executing command 'show logging | include SFF8472-3-THRESHOLD_VIOLATION' +++
show logging | include SFF8472-3-THRESHOLD_VIOLATION
A1-N-9300-Standalone#

2022-03-04 01:28:41,877: %UNICON-INFO: +++ A1-N-9300-Standalone with via 'a': executing command 'show logging | include err-disable' +++
show logging | include err-disable
A1-N-9300-Standalone#

2022-03-04 01:28:42,101: %UNICON-INFO: +++ A1-N-9300-Standalone with via 'a': executing command 'show logging | include ERR_DISABLE' +++
show logging | include ERR_DISABLE
A1-N-9300-Standalone#

2022-03-04 01:28:42,325: %UNICON-INFO: +++ A1-N-9300-Standalone with via 'a': executing command 'show logging | include Duplicate address' +++
show logging | include Duplicate address
A1-N-9300-Standalone#

2022-03-04 01:28:42,559: %UNICON-INFO: +++ A1-N-9300-Standalone with via 'a': executing command 'show logging | include STORM_CONTROL' +++
show logging | include STORM_CONTROL
A1-N-9300-Standalone#

2022-03-04 01:28:42,784: %UNICON-INFO: +++ A1-N-9300-Standalone with via 'a': executing command 'show logging | include Neighbor Down' +++
show logging | include Neighbor Down
A1-N-9300-Standalone#
