
2022-03-04 01:21:47,628: %UNICON-INFO: +++ D1-9300-SVL logfile /ws/shmandal-sjc/pyats2021/users/shmandal/runinfo/biryani_job.2022Mar04_01:20:22.085731/D1-9300-SVL-a-1646385707.log +++

2022-03-04 01:21:47,628: %UNICON-INFO: +++ Unicon plugin iosxe/cat9k +++

2022-03-04 01:21:50,988: %UNICON-INFO: +++ D1-9300-SVL with via 'a' and alias 'a': executing command 'term length 0' +++

2022-03-04 01:21:51,255: %UNICON-INFO: +++ D1-9300-SVL with via 'a' and alias 'a': executing command 'term width 0' +++

2022-03-04 01:21:51,477: %UNICON-INFO: +++ D1-9300-SVL with via 'a' and alias 'a': executing command 'show version' +++

2022-03-04 01:21:54,634: %UNICON-INFO: +++ D1-9300-SVL with via 'a' and alias 'a': executing command 'sh redundancy state' +++

2022-03-04 01:21:56,530: %UNICON-INFO: +++ D1-9300-SVL with via 'a' and alias 'a': executing command 'clear logging' +++

2022-03-04 01:22:07,998: %UNICON-INFO: +++ D1-9300-SVL with via 'a' and alias 'a': executing command 'write memory' +++

2022-03-04 01:22:20,562: %UNICON-INFO: +++ D1-9300-SVL with via 'a' and alias 'a': executing command 'write memory' +++

2022-03-04 01:22:28,893: %UNICON-INFO: +++ D1-9300-SVL with via 'a' and alias 'a': executing command 'write memory' +++

2022-03-04 01:22:34,239: %UNICON-INFO: +++ D1-9300-SVL with via 'a' and alias 'a': executing command 'write memory' +++

2022-03-04 01:22:46,300: %UNICON-INFO: +++ D1-9300-SVL with via 'a' and alias 'a': executing command 'show ip ospf neighbor detail' +++

2022-03-04 01:22:46,603: %UNICON-INFO: +++ D1-9300-SVL with via 'a' and alias 'a': executing command 'show ip ospf retransmission-list' +++

2022-03-04 01:22:46,876: %UNICON-INFO: +++ D1-9300-SVL with via 'a' and alias 'a': executing command 'show ip ospf neighbor detail | include retransmission' +++

2022-03-04 01:22:47,164: %UNICON-INFO: +++ D1-9300-SVL with via 'a' and alias 'a': executing command 'show ospfv3 neighbor detail' +++

2022-03-04 01:22:47,572: %UNICON-INFO: +++ D1-9300-SVL with via 'a' and alias 'a': executing command 'show ip ospf neighbor detail' +++

2022-03-04 01:22:47,925: %UNICON-INFO: +++ D1-9300-SVL with via 'a' and alias 'a': executing command 'show ospfv3 neighbor detail | include retransmission' +++

2022-03-04 01:22:48,226: %UNICON-INFO: +++ D1-9300-SVL with via 'a' and alias 'a': executing command 'show ip ospf retransmission-list' +++

2022-03-04 01:22:48,494: %UNICON-INFO: +++ D1-9300-SVL with via 'a' and alias 'a': executing command 'show ospfv3 retransmission-list' +++

2022-03-04 01:22:48,767: %UNICON-INFO: +++ D1-9300-SVL with via 'a' and alias 'a': executing command 'show ip ospf neighbor detail | include retransmission' +++

2022-03-04 01:22:49,070: %UNICON-INFO: +++ D1-9300-SVL with via 'a' and alias 'a': executing command 'show ospfv3 neighbor detail' +++

2022-03-04 01:22:49,490: %UNICON-INFO: +++ D1-9300-SVL with via 'a' and alias 'a': executing command 'show ospfv3 neighbor detail | include retransmission' +++

2022-03-04 01:22:49,783: %UNICON-INFO: +++ D1-9300-SVL with via 'a' and alias 'a': executing command 'show ospfv3 retransmission-list' +++

2022-03-04 01:28:30,483: %UNICON-INFO: +++ D1-9300-SVL with via 'a' and alias 'a': executing command 'clear logging' +++

2022-03-04 01:28:30,725: %UNICON-INFO: +++ D1-9300-SVL with via 'a' and alias 'a': executing command 'show logging | include udld error detected on' +++

2022-03-04 01:28:30,989: %UNICON-INFO: +++ D1-9300-SVL with via 'a' and alias 'a': executing command 'show logging | include in err-disable state' +++

2022-03-04 01:28:31,257: %UNICON-INFO: +++ D1-9300-SVL with via 'a' and alias 'a': executing command 'show logging | include Too many retransmissions' +++

2022-03-04 01:28:31,524: %UNICON-INFO: +++ D1-9300-SVL with via 'a' and alias 'a': executing command 'show logging | include retransmissions' +++

2022-03-04 01:28:31,801: %UNICON-INFO: +++ D1-9300-SVL with via 'a' and alias 'a': executing command 'show logging | include from DOWN to DOWN' +++

2022-03-04 01:28:32,076: %UNICON-INFO: +++ D1-9300-SVL with via 'a' and alias 'a': executing command 'show logging | include SFF8472-3-THRESHOLD_VIOLATION' +++

2022-03-04 01:28:32,346: %UNICON-INFO: +++ D1-9300-SVL with via 'a' and alias 'a': executing command 'show logging | include err-disable' +++

2022-03-04 01:28:32,584: %UNICON-INFO: +++ D1-9300-SVL with via 'a' and alias 'a': executing command 'show logging | include ERR_DISABLE' +++

2022-03-04 01:28:32,854: %UNICON-INFO: +++ D1-9300-SVL with via 'a' and alias 'a': executing command 'show logging | include Duplicate address' +++

2022-03-04 01:28:33,118: %UNICON-INFO: +++ D1-9300-SVL with via 'a' and alias 'a': executing command 'show logging | include STORM_CONTROL' +++

2022-03-04 01:28:33,389: %UNICON-INFO: +++ D1-9300-SVL with via 'a' and alias 'a': executing command 'show logging | include Neighbor Down' +++

2022-03-04 01:28:37,068: %UNICON-INFO: +++ D1-9300-SVL with via 'a' and alias 'a': executing command 'clear logging' +++

2022-03-04 01:28:37,328: %UNICON-INFO: +++ D1-9300-SVL with via 'a' and alias 'a': executing command 'show logging | include udld error detected on' +++

2022-03-04 01:28:37,599: %UNICON-INFO: +++ D1-9300-SVL with via 'a' and alias 'a': executing command 'show logging | include in err-disable state' +++

2022-03-04 01:28:37,862: %UNICON-INFO: +++ D1-9300-SVL with via 'a' and alias 'a': executing command 'show logging | include Too many retransmissions' +++

2022-03-04 01:28:38,129: %UNICON-INFO: +++ D1-9300-SVL with via 'a' and alias 'a': executing command 'show logging | include retransmissions' +++

2022-03-04 01:28:38,394: %UNICON-INFO: +++ D1-9300-SVL with via 'a' and alias 'a': executing command 'show logging | include from DOWN to DOWN' +++

2022-03-04 01:28:38,660: %UNICON-INFO: +++ D1-9300-SVL with via 'a' and alias 'a': executing command 'show logging | include SFF8472-3-THRESHOLD_VIOLATION' +++

2022-03-04 01:28:38,951: %UNICON-INFO: +++ D1-9300-SVL with via 'a' and alias 'a': executing command 'show logging | include err-disable' +++

2022-03-04 01:28:39,226: %UNICON-INFO: +++ D1-9300-SVL with via 'a' and alias 'a': executing command 'show logging | include ERR_DISABLE' +++

2022-03-04 01:28:39,479: %UNICON-INFO: +++ D1-9300-SVL with via 'a' and alias 'a': executing command 'show logging | include Duplicate address' +++

2022-03-04 01:28:39,771: %UNICON-INFO: +++ D1-9300-SVL with via 'a' and alias 'a': executing command 'show logging | include STORM_CONTROL' +++

2022-03-04 01:28:40,042: %UNICON-INFO: +++ D1-9300-SVL with via 'a' and alias 'a': executing command 'show logging | include Neighbor Down' +++

2022-03-04 01:28:43,018: %UNICON-INFO: +++ D1-9300-SVL with via 'a' and alias 'a': executing command 'write memory' +++

2022-03-04 01:29:47,206: %UNICON-INFO: +++ D1-9300-SVL with via 'a' and alias 'a': executing command 'show redundancy sta |  in peer' +++

2022-03-04 01:29:47,422: %UNICON-INFO: +++ D1-9300-SVL with via 'a' and alias 'a': executing command 'show redundancy sta | inc Redundancy State' +++
