
2021-09-29 22:16:11,801: %UNICON-INFO: +++ edge-9300 logfile /auto/iconatest-bgl/production/hcl/pyats3.6.3/users/udasubra/runinfo/wired_client_assurance_job.2021Sep29_22:16:01.293902/edge-9300-b-1632933971.log +++

2021-09-29 22:16:11,801: %UNICON-INFO: +++ Unicon plugin iosxe/cat9k +++

2021-09-29 22:16:21,017: %UNICON-INFO: +++ edge-9300 with alias 'b': executing command 'term length 0' +++

2021-09-29 22:16:21,271: %UNICON-INFO: +++ edge-9300 with alias 'b': executing command 'term width 0' +++

2021-09-29 22:16:21,523: %UNICON-INFO: +++ edge-9300 with alias 'b': executing command 'show version' +++
Trying 10.106.19.224...


2021-09-30 03:35:32,403: %UNICON-INFO: +++ connection to spawn: telnet 10.106.19.224 2035, id: 140649647585712 +++

2021-09-30 03:35:32,403: %UNICON-INFO: connection to edge-9300
Connected to 10.106.19.224.
Escape character is '^]'.


User Access Verification

Username: golden
Password: 

edge-9300>

2021-09-30 03:35:33,625: %UNICON-INFO: +++ initializing handle +++
enable
edge-9300#

2021-09-30 03:35:33,713: %UNICON-INFO: +++ edge-9300 with alias 'b': executing command 'term length 0' +++
term length 0
edge-9300#

2021-09-30 03:35:33,925: %UNICON-INFO: +++ edge-9300 with alias 'b': executing command 'term width 0' +++
term width 0
edge-9300#

2021-09-30 03:35:34,138: %UNICON-INFO: +++ edge-9300 with alias 'b': executing command 'show version' +++
show version
Cisco IOS XE Software, Version 17.05.01
Cisco IOS Software [Bengaluru], Catalyst L3 Switch Software (CAT9K_IOSXE), Version 17.5.1, RELEASE SOFTWARE (fc1)
Technical Support: http://www.cisco.com/techsupport
Copyright (c) 1986-2021 by Cisco Systems, Inc.
Compiled Sat 27-Mar-21 14:59 by mcpre


Cisco IOS-XE software, Copyright (c) 2005-2021 by cisco Systems, Inc.
All rights reserved.  Certain components of Cisco IOS-XE software are
licensed under the GNU General Public License ("GPL") Version 2.0.  The
software code licensed under GPL Version 2.0 is free software that comes
with ABSOLUTELY NO WARRANTY.  You can redistribute and/or modify such
GPL code under the terms of GPL Version 2.0.  For more details, see the
documentation or "License Notice" file accompanying the IOS-XE software,
or the applicable URL provided on the flyer accompanying the IOS-XE
software.


ROM: IOS-XE ROMMON
BOOTLDR: System Bootstrap, Version 17.5.2r, RELEASE SOFTWARE (P)

edge-9300 uptime is 1 week, 4 days, 12 hours, 6 minutes
Uptime for this control processor is 1 week, 4 days, 12 hours, 7 minutes
System returned to ROM by SSO Switchover at 09:48:29 UTC Sat Sep 18 2021
System image file is "flash:packages.conf"
Last reload reason: Admin reload CLI



This product contains cryptographic features and is subject to United
States and local country laws governing import, export, transfer and
use. Delivery of Cisco cryptographic products does not imply
third-party authority to import, export, distribute or use encryption.
Importers, exporters, distributors and users are responsible for
compliance with U.S. and local country laws. By using this product you
agree to comply with applicable laws and regulations. If you are unable
to comply with U.S. and local laws, return this product immediately.

A summary of U.S. laws governing Cisco cryptographic products may be found at:
http://www.cisco.com/wwl/export/crypto/tool/stqrg.html

If you require further assistance please contact us by sending email to
export@cisco.com.


Technology Package License Information: 

------------------------------------------------------------------------------
Technology-package                                     Technology-package
Current                        Type                       Next reboot  
------------------------------------------------------------------------------
network-advantage   	Smart License                 	 network-advantage   
dna-advantage       	Subscription Smart License    	 dna-advantage                 
AIR License Level: AIR DNA Advantage
Next reload AIR license Level: AIR DNA Advantage


Smart Licensing Status: Registration Not Applicable/Not Applicable

cisco C9300-24UX (X86) processor with 1322407K/6147K bytes of memory.
Processor board ID FOC2429LHV7
4 Virtual Ethernet interfaces
60 Gigabit Ethernet interfaces
72 Ten Gigabit Ethernet interfaces
6 TwentyFive Gigabit Ethernet interfaces
6 Forty Gigabit Ethernet interfaces
2048K bytes of non-volatile configuration memory.
8388608K bytes of physical memory.
1638400K bytes of Crash Files at crashinfo:.
11264000K bytes of Flash at flash:.
1638400K bytes of Crash Files at crashinfo-1:.
11264000K bytes of Flash at flash-1:.

Base Ethernet MAC Address          : bc:4a:56:9a:94:80
Motherboard Assembly Number        : 73-18276-04
Motherboard Serial Number          : FOC242841L2
Model Revision Number              : D0
Motherboard Revision Number        : A0
Model Number                       : C9300-24UX
System Serial Number               : FOC2429LHV7
CLEI Code Number                   : 


Switch Ports Model              SW Version        SW Image              Mode   
------ ----- -----              ----------        ----------            ----   
     1 65    C9300-48P          17.05.01          CAT9K_IOSXE           INSTALL
*    3 41    C9300-24UX         17.05.01          CAT9K_IOSXE           INSTALL


Switch 01
---------
Switch uptime                      : 5 hours, 38 minutes 

Base Ethernet MAC Address          : bc:4a:56:e0:aa:00
Motherboard Assembly Number        : 73-18274-05
Motherboard Serial Number          : FOC242842F3
Model Revision Number              : A0
Motherboard Revision Number        : A0
Model Number                       : C9300-48P
System Serial Number               : FOC2430LANK
Last reload reason                 : redundancy force-switchover
CLEI Code Number                   : 

Configuration register is 0x102

edge-9300#

2021-09-30 03:35:39,083: %UNICON-INFO: +++ edge-9300 with alias 'b': configure +++
config term
Enter configuration commands, one per line.  End with CNTL/Z.
edge-9300(config)#no logging console
edge-9300(config)#line console 0
edge-9300(config-line)#exec-timeout 0
edge-9300(config-line)#end
edge-9300#

2021-09-30 03:35:39,524: %UNICON-INFO: +++ edge-9300 with alias 'b': executing command 'write memory' +++
write memory
Building configuration...
[OK]
edge-9300#

2021-09-30 03:35:41,769: %UNICON-INFO: +++ edge-9300 with alias 'b': executing command 'show device-tracking database interface TenGigabitEthernet3/0/18' +++
show device-tracking database interface TenGigabitEthernet3/0/18
edge-9300#

2021-09-30 03:35:42,081: %UNICON-INFO: +++ edge-9300 with alias 'b': executing command 'show telemetry internal connection' +++
show telemetry internal connection
Telemetry connections

Index Peer Address               Port  VRF Source Address             State
----- -------------------------- ----- --- -------------------------- ----------
    3 11.11.1.92                 25103 1 M 11.11.91.12                Connecting

edge-9300#

2021-09-30 03:36:42,709: %UNICON-INFO: +++ edge-9300 with alias 'b': executing command 'show device-tracking database interface TenGigabitEthernet3/0/18' +++
show device-tracking database interface TenGigabitEthernet3/0/18
edge-9300#

2021-09-30 03:36:42,996: %UNICON-INFO: +++ edge-9300 with alias 'b': executing command 'show telemetry internal connection' +++
show telemetry internal connection
Telemetry connections

Index Peer Address               Port  VRF Source Address             State
----- -------------------------- ----- --- -------------------------- ----------
    4 11.11.1.92                 25103 1 M 11.11.91.12                Active    

edge-9300#

2021-09-30 03:37:43,578: %UNICON-INFO: +++ edge-9300 with alias 'b': executing command 'show device-tracking database interface TenGigabitEthernet3/0/18' +++
show device-tracking database interface TenGigabitEthernet3/0/18
edge-9300#

2021-09-30 03:37:43,851: %UNICON-INFO: +++ edge-9300 with alias 'b': executing command 'show telemetry internal connection' +++
show telemetry internal connection
Telemetry connections

Index Peer Address               Port  VRF Source Address             State
----- -------------------------- ----- --- -------------------------- ----------
    4 11.11.1.92                 25103 1 M 11.11.91.12                Active    

edge-9300#

2021-09-30 03:38:44,455: %UNICON-INFO: +++ edge-9300 with alias 'b': executing command 'show device-tracking database interface TenGigabitEthernet3/0/18' +++
show device-tracking database interface TenGigabitEthernet3/0/18
edge-9300#

2021-09-30 03:38:44,731: %UNICON-INFO: +++ edge-9300 with alias 'b': executing command 'show telemetry internal connection' +++
show telemetry internal connection
Telemetry connections

Index Peer Address               Port  VRF Source Address             State
----- -------------------------- ----- --- -------------------------- ----------
    4 11.11.1.92                 25103 1 M 11.11.91.12                Active    

edge-9300#

2021-09-30 03:39:45,334: %UNICON-INFO: +++ edge-9300 with alias 'b': executing command 'show device-tracking database interface TenGigabitEthernet3/0/18' +++
show device-tracking database interface TenGigabitEthernet3/0/18
edge-9300#

2021-09-30 03:39:45,606: %UNICON-INFO: +++ edge-9300 with alias 'b': executing command 'show telemetry internal connection' +++
show telemetry internal connection
Telemetry connections

Index Peer Address               Port  VRF Source Address             State
----- -------------------------- ----- --- -------------------------- ----------
    4 11.11.1.92                 25103 1 M 11.11.91.12                Active    

edge-9300#
