
2021-12-01 08:18:46,071: %UNICON-INFO: +++ edge-9300 logfile /auto/iconatest-bgl/production/hcl/pyats3.6.3/users/udasubra/runinfo/wired_client_assurance_job.2021Dec01_08:18:36.473142/edge-9300-a-1638326926.log +++

2021-12-01 08:18:46,071: %UNICON-INFO: +++ Unicon plugin iosxe/cat9k +++

2021-12-01 08:18:47,473: %UNICON-INFO: +++ edge-9300 with alias 'a': executing command 'term length 0' +++

2021-12-01 08:18:47,692: %UNICON-INFO: +++ edge-9300 with alias 'a': executing command 'term width 0' +++

2021-12-01 08:18:47,904: %UNICON-INFO: +++ edge-9300 with alias 'a': executing command 'show version' +++

2021-12-01 08:19:00,848: %UNICON-INFO: +++ edge-9300 with alias 'a': executing command 'sh redundancy state' +++

2021-12-01 08:19:01,615: %UNICON-INFO: +++ edge-9300 with alias 'a': executing command 'clear logging' +++

2021-12-01 08:23:48,903: %UNICON-INFO: +++ edge-9300 with alias 'a': executing command 'show run interface GigabitEthernet1/0/48' +++

2021-12-01 08:23:59,806: %UNICON-INFO: +++ edge-9300 with alias 'a': executing command 'show interface GigabitEthernet1/0/48' +++

2021-12-01 08:24:22,582: %UNICON-INFO: +++ edge-9300 with alias 'a': executing command 'show interface vlan 100' +++

2021-12-01 08:24:35,673: %UNICON-INFO: +++ edge-9300 with alias 'a': executing command 'show interface GigabitEthernet1/0/48' +++

2021-12-01 08:24:37,507: %UNICON-INFO: +++ edge-9300 with alias 'a': executing command 'show interface vlan 100' +++

2021-12-01 08:24:38,877: %UNICON-INFO: +++ edge-9300 with alias 'a': executing command 'show authentication sessions interface GigabitEthernet1/0/48 details' +++

2021-12-01 08:24:39,230: %UNICON-INFO: +++ edge-9300 with alias 'a': executing command 'show device-tracking database interface GigabitEthernet1/0/48' +++

2021-12-01 08:25:03,813: %UNICON-INFO: +++ edge-9300 with alias 'a': executing command 'show run interface GigabitEthernet1/0/48' +++

2021-12-01 08:25:14,736: %UNICON-INFO: +++ edge-9300 with alias 'a': executing command 'show interface GigabitEthernet1/0/48' +++

2021-12-01 08:25:37,452: %UNICON-INFO: +++ edge-9300 with alias 'a': executing command 'show interface vlan 100' +++

2021-12-01 08:25:50,586: %UNICON-INFO: +++ edge-9300 with alias 'a': executing command 'show interface GigabitEthernet1/0/48' +++

2021-12-01 08:25:52,411: %UNICON-INFO: +++ edge-9300 with alias 'a': executing command 'show interface vlan 100' +++

2021-12-01 08:25:53,829: %UNICON-INFO: +++ edge-9300 with alias 'a': executing command 'show authentication sessions interface GigabitEthernet1/0/48 details' +++

2021-12-01 08:25:54,178: %UNICON-INFO: +++ edge-9300 with alias 'a': executing command 'show device-tracking database interface GigabitEthernet1/0/48' +++

2021-12-01 08:27:01,403: %UNICON-INFO: +++ edge-9300 with alias 'a': executing command 'show device-tracking database  interface GigabitEthernet1/0/48' +++

2021-12-01 08:27:31,707: %UNICON-INFO: +++ edge-9300 with alias 'a': executing command 'show device-tracking database  interface GigabitEthernet1/0/48' +++

2021-12-01 08:28:02,017: %UNICON-INFO: +++ edge-9300 with alias 'a': executing command 'show device-tracking database  interface GigabitEthernet1/0/48' +++

2021-12-01 08:28:32,397: %UNICON-INFO: +++ edge-9300 with alias 'a': executing command 'show device-tracking database  interface GigabitEthernet1/0/48' +++

2021-12-01 08:29:02,682: %UNICON-INFO: +++ edge-9300 with alias 'a': executing command 'show device-tracking database  interface GigabitEthernet1/0/48' +++

2021-12-01 08:29:32,983: %UNICON-INFO: +++ edge-9300 with alias 'a': executing command 'show device-tracking database  interface GigabitEthernet1/0/48' +++

2021-12-01 08:30:03,284: %UNICON-INFO: +++ edge-9300 with alias 'a': executing command 'show device-tracking database  interface GigabitEthernet1/0/48' +++

2021-12-01 08:30:33,562: %UNICON-INFO: +++ edge-9300 with alias 'a': executing command 'show device-tracking database  interface GigabitEthernet1/0/48' +++

2021-12-01 08:31:03,863: %UNICON-INFO: +++ edge-9300 with alias 'a': executing command 'show device-tracking database  interface GigabitEthernet1/0/48' +++

2021-12-01 08:31:34,176: %UNICON-INFO: +++ edge-9300 with alias 'a': executing command 'show device-tracking database  interface GigabitEthernet1/0/48' +++

2021-12-01 08:32:04,509: %UNICON-INFO: +++ edge-9300 with alias 'a': executing command 'show device-tracking database  interface GigabitEthernet1/0/48' +++

2021-12-01 08:32:34,812: %UNICON-INFO: +++ edge-9300 with alias 'a': executing command 'show device-tracking database  interface GigabitEthernet1/0/48' +++

2021-12-01 08:33:05,093: %UNICON-INFO: +++ edge-9300 with alias 'a': executing command 'show device-tracking database  interface GigabitEthernet1/0/48' +++

2021-12-01 08:33:35,410: %UNICON-INFO: +++ edge-9300 with alias 'a': executing command 'show device-tracking database  interface GigabitEthernet1/0/48' +++

2021-12-01 08:34:05,714: %UNICON-INFO: +++ edge-9300 with alias 'a': executing command 'show device-tracking database  interface GigabitEthernet1/0/48' +++

2021-12-01 08:34:36,303: %UNICON-INFO: +++ edge-9300 with alias 'a': executing command 'show device-tracking database interface GigabitEthernet1/0/48' +++

2021-12-01 08:34:36,572: %UNICON-INFO: +++ edge-9300 with alias 'a': executing command 'show telemetry internal connection' +++

2021-12-01 08:35:37,177: %UNICON-INFO: +++ edge-9300 with alias 'a': executing command 'show device-tracking database interface GigabitEthernet1/0/48' +++

2021-12-01 08:35:37,493: %UNICON-INFO: +++ edge-9300 with alias 'a': executing command 'show telemetry internal connection' +++

2021-12-01 08:36:38,083: %UNICON-INFO: +++ edge-9300 with alias 'a': executing command 'show device-tracking database interface GigabitEthernet1/0/48' +++

2021-12-01 08:36:38,388: %UNICON-INFO: +++ edge-9300 with alias 'a': executing command 'show telemetry internal connection' +++

2021-12-01 08:37:38,991: %UNICON-INFO: +++ edge-9300 with alias 'a': executing command 'show device-tracking database interface GigabitEthernet1/0/48' +++

2021-12-01 08:37:39,262: %UNICON-INFO: +++ edge-9300 with alias 'a': executing command 'show telemetry internal connection' +++

2021-12-01 08:38:39,871: %UNICON-INFO: +++ edge-9300 with alias 'a': executing command 'show device-tracking database interface GigabitEthernet1/0/48' +++

2021-12-01 08:38:40,141: %UNICON-INFO: +++ edge-9300 with alias 'a': executing command 'show telemetry internal connection' +++

2021-12-01 08:40:41,739: %UNICON-INFO: +++ edge-9300 with alias 'a': executing command 'show run interface GigabitEthernet1/0/48' +++

2021-12-01 08:40:52,635: %UNICON-INFO: +++ edge-9300 with alias 'a': executing command 'show interface GigabitEthernet1/0/48' +++

2021-12-01 08:41:15,451: %UNICON-INFO: +++ edge-9300 with alias 'a': executing command 'show interface vlan 100' +++

2021-12-01 08:41:28,726: %UNICON-INFO: +++ edge-9300 with alias 'a': executing command 'show interface GigabitEthernet1/0/48' +++

2021-12-01 08:41:30,555: %UNICON-INFO: +++ edge-9300 with alias 'a': executing command 'show interface vlan 100' +++

2021-12-01 08:41:31,966: %UNICON-INFO: +++ edge-9300 with alias 'a': executing command 'show authentication sessions interface GigabitEthernet1/0/48 details' +++

2021-12-01 08:41:32,358: %UNICON-INFO: +++ edge-9300 with alias 'a': executing command 'show device-tracking database interface GigabitEthernet1/0/48' +++

2021-12-01 08:46:33,138: %UNICON-INFO: +++ edge-9300 with alias 'a': executing command 'show device-tracking database interface GigabitEthernet1/0/48' +++

2021-12-01 08:46:33,465: %UNICON-INFO: +++ edge-9300 with alias 'a': executing command 'show telemetry internal connection' +++

2021-12-01 08:47:34,022: %UNICON-INFO: +++ edge-9300 with alias 'a': executing command 'show device-tracking database interface GigabitEthernet1/0/48' +++

2021-12-01 08:47:34,369: %UNICON-INFO: +++ edge-9300 with alias 'a': executing command 'show telemetry internal connection' +++

2021-12-01 08:48:34,938: %UNICON-INFO: +++ edge-9300 with alias 'a': executing command 'show device-tracking database interface GigabitEthernet1/0/48' +++

2021-12-01 08:48:35,211: %UNICON-INFO: +++ edge-9300 with alias 'a': executing command 'show telemetry internal connection' +++

2021-12-01 08:49:35,829: %UNICON-INFO: +++ edge-9300 with alias 'a': executing command 'show device-tracking database interface GigabitEthernet1/0/48' +++

2021-12-01 08:49:36,099: %UNICON-INFO: +++ edge-9300 with alias 'a': executing command 'show telemetry internal connection' +++

2021-12-01 08:50:36,708: %UNICON-INFO: +++ edge-9300 with alias 'a': executing command 'show device-tracking database interface GigabitEthernet1/0/48' +++

2021-12-01 08:50:36,982: %UNICON-INFO: +++ edge-9300 with alias 'a': executing command 'show telemetry internal connection' +++

2021-12-01 08:52:38,456: %UNICON-INFO: +++ edge-9300 with alias 'a': executing command 'show run interface GigabitEthernet1/0/48' +++

2021-12-01 08:52:49,381: %UNICON-INFO: +++ edge-9300 with alias 'a': executing command 'show interface GigabitEthernet1/0/48' +++

2021-12-01 08:53:12,070: %UNICON-INFO: +++ edge-9300 with alias 'a': executing command 'show interface vlan 100' +++

2021-12-01 08:53:25,393: %UNICON-INFO: +++ edge-9300 with alias 'a': executing command 'show interface GigabitEthernet1/0/48' +++

2021-12-01 08:53:27,227: %UNICON-INFO: +++ edge-9300 with alias 'a': executing command 'show interface vlan 100' +++

2021-12-01 08:53:28,637: %UNICON-INFO: +++ edge-9300 with alias 'a': executing command 'show authentication sessions interface GigabitEthernet1/0/48 details' +++

2021-12-01 08:53:28,997: %UNICON-INFO: +++ edge-9300 with alias 'a': executing command 'show device-tracking database interface GigabitEthernet1/0/48' +++

2021-12-01 08:58:53,926: %UNICON-INFO: +++ edge-9300 with alias 'a': executing command 'show run interface GigabitEthernet1/0/48' +++

2021-12-01 08:59:04,826: %UNICON-INFO: +++ edge-9300 with alias 'a': executing command 'show interface GigabitEthernet1/0/48' +++

2021-12-01 08:59:27,584: %UNICON-INFO: +++ edge-9300 with alias 'a': executing command 'show interface vlan 100' +++

2021-12-01 08:59:40,680: %UNICON-INFO: +++ edge-9300 with alias 'a': executing command 'show interface GigabitEthernet1/0/48' +++

2021-12-01 08:59:42,503: %UNICON-INFO: +++ edge-9300 with alias 'a': executing command 'show interface vlan 100' +++

2021-12-01 08:59:43,917: %UNICON-INFO: +++ edge-9300 with alias 'a': executing command 'show authentication sessions interface GigabitEthernet1/0/48 details' +++

2021-12-01 08:59:44,271: %UNICON-INFO: +++ edge-9300 with alias 'a': executing command 'show device-tracking database interface GigabitEthernet1/0/48' +++

2021-12-01 09:00:11,466: %UNICON-INFO: +++ edge-9300 with alias 'a': executing command 'show logging' +++

2021-12-01 09:00:37,797: %UNICON-INFO: +++ edge-9300 with alias 'a': executing command 'show logging | i traceback' +++

2021-12-01 09:00:38,031: %UNICON-INFO: +++ edge-9300 with alias 'a': executing command 'show logging | i crash' +++

2021-12-01 09:00:38,471: %UNICON-INFO: +++ edge-9300 with alias 'a': executing command 'show device-tracking database interface GigabitEthernet1/0/48' +++

2021-12-01 09:00:38,748: %UNICON-INFO: +++ edge-9300 with alias 'a': executing command 'show telemetry internal connection' +++

2021-12-01 09:01:39,371: %UNICON-INFO: +++ edge-9300 with alias 'a': executing command 'show device-tracking database interface GigabitEthernet1/0/48' +++

2021-12-01 09:01:39,644: %UNICON-INFO: +++ edge-9300 with alias 'a': executing command 'show telemetry internal connection' +++

2021-12-01 09:02:40,242: %UNICON-INFO: +++ edge-9300 with alias 'a': executing command 'show device-tracking database interface GigabitEthernet1/0/48' +++

2021-12-01 09:02:40,512: %UNICON-INFO: +++ edge-9300 with alias 'a': executing command 'show telemetry internal connection' +++

2021-12-01 09:03:41,112: %UNICON-INFO: +++ edge-9300 with alias 'a': executing command 'show device-tracking database interface GigabitEthernet1/0/48' +++

2021-12-01 09:03:41,398: %UNICON-INFO: +++ edge-9300 with alias 'a': executing command 'show telemetry internal connection' +++

2021-12-01 09:04:41,952: %UNICON-INFO: +++ edge-9300 with alias 'a': executing command 'show device-tracking database interface GigabitEthernet1/0/48' +++

2021-12-01 09:04:42,219: %UNICON-INFO: +++ edge-9300 with alias 'a': executing command 'show telemetry internal connection' +++

2021-12-01 09:06:43,775: %UNICON-INFO: +++ edge-9300 with alias 'a': executing command 'show run interface GigabitEthernet1/0/48' +++

2021-12-01 09:06:54,674: %UNICON-INFO: +++ edge-9300 with alias 'a': executing command 'show interface GigabitEthernet1/0/48' +++

2021-12-01 09:07:17,562: %UNICON-INFO: +++ edge-9300 with alias 'a': executing command 'show interface vlan 100' +++

2021-12-01 09:07:30,682: %UNICON-INFO: +++ edge-9300 with alias 'a': executing command 'show interface GigabitEthernet1/0/48' +++

2021-12-01 09:07:32,513: %UNICON-INFO: +++ edge-9300 with alias 'a': executing command 'show interface vlan 100' +++

2021-12-01 09:07:33,929: %UNICON-INFO: +++ edge-9300 with alias 'a': executing command 'show authentication sessions interface GigabitEthernet1/0/48 details' +++

2021-12-01 09:07:34,282: %UNICON-INFO: +++ edge-9300 with alias 'a': executing command 'show device-tracking database interface GigabitEthernet1/0/48' +++

2021-12-01 09:13:05,855: %UNICON-INFO: +++ edge-9300 with alias 'a': executing command 'show logging' +++

2021-12-01 09:13:43,184: %UNICON-INFO: +++ edge-9300 with alias 'a': executing command 'show logging | i traceback' +++

2021-12-01 09:13:43,454: %UNICON-INFO: +++ edge-9300 with alias 'a': executing command 'show logging | i crash' +++

2021-12-01 09:13:43,884: %UNICON-INFO: +++ edge-9300 with alias 'a': executing command 'show device-tracking database interface GigabitEthernet1/0/48' +++

2021-12-01 09:13:44,156: %UNICON-INFO: +++ edge-9300 with alias 'a': executing command 'show telemetry internal connection' +++

2021-12-01 09:14:44,799: %UNICON-INFO: +++ edge-9300 with alias 'a': executing command 'show device-tracking database interface GigabitEthernet1/0/48' +++

2021-12-01 09:14:45,069: %UNICON-INFO: +++ edge-9300 with alias 'a': executing command 'show telemetry internal connection' +++

2021-12-01 09:15:45,661: %UNICON-INFO: +++ edge-9300 with alias 'a': executing command 'show device-tracking database interface GigabitEthernet1/0/48' +++

2021-12-01 09:15:45,930: %UNICON-INFO: +++ edge-9300 with alias 'a': executing command 'show telemetry internal connection' +++

2021-12-01 09:16:46,534: %UNICON-INFO: +++ edge-9300 with alias 'a': executing command 'show device-tracking database interface GigabitEthernet1/0/48' +++

2021-12-01 09:16:46,803: %UNICON-INFO: +++ edge-9300 with alias 'a': executing command 'show telemetry internal connection' +++

2021-12-01 09:17:47,448: %UNICON-INFO: +++ edge-9300 with alias 'a': executing command 'show device-tracking database interface GigabitEthernet1/0/48' +++

2021-12-01 09:17:47,718: %UNICON-INFO: +++ edge-9300 with alias 'a': executing command 'show telemetry internal connection' +++

2021-12-01 09:19:49,256: %UNICON-INFO: +++ edge-9300 with alias 'a': executing command 'show run interface GigabitEthernet1/0/48' +++

2021-12-01 09:20:00,153: %UNICON-INFO: +++ edge-9300 with alias 'a': executing command 'show interface GigabitEthernet1/0/48' +++

2021-12-01 09:20:22,921: %UNICON-INFO: +++ edge-9300 with alias 'a': executing command 'show interface vlan 100' +++

2021-12-01 09:20:36,000: %UNICON-INFO: +++ edge-9300 with alias 'a': executing command 'show interface GigabitEthernet1/0/48' +++

2021-12-01 09:20:37,829: %UNICON-INFO: +++ edge-9300 with alias 'a': executing command 'show interface vlan 100' +++

2021-12-01 09:20:39,240: %UNICON-INFO: +++ edge-9300 with alias 'a': executing command 'show authentication sessions interface GigabitEthernet1/0/48 details' +++

2021-12-01 09:20:39,598: %UNICON-INFO: +++ edge-9300 with alias 'a': executing command 'show device-tracking database interface GigabitEthernet1/0/48' +++

2021-12-01 09:25:40,527: %UNICON-INFO: +++ edge-9300 with alias 'a': executing command 'show device-tracking database interface GigabitEthernet1/0/48' +++

2021-12-01 09:25:40,797: %UNICON-INFO: +++ edge-9300 with alias 'a': executing command 'show telemetry internal connection' +++

2021-12-01 09:26:41,427: %UNICON-INFO: +++ edge-9300 with alias 'a': executing command 'show device-tracking database interface GigabitEthernet1/0/48' +++

2021-12-01 09:26:41,700: %UNICON-INFO: +++ edge-9300 with alias 'a': executing command 'show telemetry internal connection' +++

2021-12-01 09:27:42,296: %UNICON-INFO: +++ edge-9300 with alias 'a': executing command 'show device-tracking database interface GigabitEthernet1/0/48' +++

2021-12-01 09:27:42,566: %UNICON-INFO: +++ edge-9300 with alias 'a': executing command 'show telemetry internal connection' +++

2021-12-01 09:28:43,156: %UNICON-INFO: +++ edge-9300 with alias 'a': executing command 'show device-tracking database interface GigabitEthernet1/0/48' +++

2021-12-01 09:28:43,487: %UNICON-INFO: +++ edge-9300 with alias 'a': executing command 'show telemetry internal connection' +++

2021-12-01 09:29:44,096: %UNICON-INFO: +++ edge-9300 with alias 'a': executing command 'show device-tracking database interface GigabitEthernet1/0/48' +++

2021-12-01 09:29:44,402: %UNICON-INFO: +++ edge-9300 with alias 'a': executing command 'show telemetry internal connection' +++

2021-12-01 09:31:45,973: %UNICON-INFO: +++ edge-9300 with alias 'a': executing command 'show run interface GigabitEthernet1/0/48' +++

2021-12-01 09:31:56,859: %UNICON-INFO: +++ edge-9300 with alias 'a': executing command 'show interface GigabitEthernet1/0/48' +++

2021-12-01 09:32:19,593: %UNICON-INFO: +++ edge-9300 with alias 'a': executing command 'show interface vlan 100' +++

2021-12-01 09:32:32,689: %UNICON-INFO: +++ edge-9300 with alias 'a': executing command 'show interface GigabitEthernet1/0/48' +++

2021-12-01 09:32:34,516: %UNICON-INFO: +++ edge-9300 with alias 'a': executing command 'show interface vlan 100' +++

2021-12-01 09:32:35,927: %UNICON-INFO: +++ edge-9300 with alias 'a': executing command 'show authentication sessions interface GigabitEthernet1/0/48 details' +++

2021-12-01 09:32:36,280: %UNICON-INFO: +++ edge-9300 with alias 'a': executing command 'show device-tracking database interface GigabitEthernet1/0/48' +++

2021-12-01 09:37:58,360: %UNICON-INFO: +++ edge-9300 with alias 'a': executing command 'show run interface GigabitEthernet1/0/48' +++

2021-12-01 09:38:09,256: %UNICON-INFO: +++ edge-9300 with alias 'a': executing command 'show interface GigabitEthernet1/0/48' +++

2021-12-01 09:38:31,951: %UNICON-INFO: +++ edge-9300 with alias 'a': executing command 'show interface vlan 100' +++

2021-12-01 09:38:45,017: %UNICON-INFO: +++ edge-9300 with alias 'a': executing command 'show interface GigabitEthernet1/0/48' +++

2021-12-01 09:38:46,844: %UNICON-INFO: +++ edge-9300 with alias 'a': executing command 'show interface vlan 100' +++

2021-12-01 09:38:48,260: %UNICON-INFO: +++ edge-9300 with alias 'a': executing command 'show authentication sessions interface GigabitEthernet1/0/48 details' +++

2021-12-01 09:38:48,612: %UNICON-INFO: +++ edge-9300 with alias 'a': executing command 'show device-tracking database interface GigabitEthernet1/0/48' +++

2021-12-01 09:38:48,884: %UNICON-INFO: +++ edge-9300 with alias 'a': executing command 'show logging' +++

2021-12-01 09:39:42,736: %UNICON-INFO: +++ edge-9300 with alias 'a': executing command 'show logging | i traceback' +++

2021-12-01 09:39:42,964: %UNICON-INFO: +++ edge-9300 with alias 'a': executing command 'show logging | i crash' +++

2021-12-01 09:39:43,358: %UNICON-INFO: +++ edge-9300 with alias 'a': executing command 'show device-tracking database interface GigabitEthernet1/0/48' +++

2021-12-01 09:39:43,627: %UNICON-INFO: +++ edge-9300 with alias 'a': executing command 'show telemetry internal connection' +++

2021-12-01 09:40:44,229: %UNICON-INFO: +++ edge-9300 with alias 'a': executing command 'show device-tracking database interface GigabitEthernet1/0/48' +++

2021-12-01 09:40:44,515: %UNICON-INFO: +++ edge-9300 with alias 'a': executing command 'show telemetry internal connection' +++

2021-12-01 09:41:45,138: %UNICON-INFO: +++ edge-9300 with alias 'a': executing command 'show device-tracking database interface GigabitEthernet1/0/48' +++

2021-12-01 09:41:45,486: %UNICON-INFO: +++ edge-9300 with alias 'a': executing command 'show telemetry internal connection' +++

2021-12-01 09:42:46,037: %UNICON-INFO: +++ edge-9300 with alias 'a': executing command 'show device-tracking database interface GigabitEthernet1/0/48' +++

2021-12-01 09:42:46,330: %UNICON-INFO: +++ edge-9300 with alias 'a': executing command 'show telemetry internal connection' +++

2021-12-01 09:43:46,935: %UNICON-INFO: +++ edge-9300 with alias 'a': executing command 'show device-tracking database interface GigabitEthernet1/0/48' +++

2021-12-01 09:43:47,205: %UNICON-INFO: +++ edge-9300 with alias 'a': executing command 'show telemetry internal connection' +++

2021-12-01 09:45:48,807: %UNICON-INFO: +++ edge-9300 with alias 'a': executing command 'show run interface GigabitEthernet1/0/48' +++

2021-12-01 09:45:59,715: %UNICON-INFO: +++ edge-9300 with alias 'a': executing command 'show interface GigabitEthernet1/0/48' +++

2021-12-01 09:46:22,445: %UNICON-INFO: +++ edge-9300 with alias 'a': executing command 'show interface vlan 100' +++

2021-12-01 09:46:35,736: %UNICON-INFO: +++ edge-9300 with alias 'a': executing command 'show interface GigabitEthernet1/0/48' +++

2021-12-01 09:46:37,560: %UNICON-INFO: +++ edge-9300 with alias 'a': executing command 'show interface vlan 100' +++

2021-12-01 09:46:38,976: %UNICON-INFO: +++ edge-9300 with alias 'a': executing command 'show authentication sessions interface GigabitEthernet1/0/48 details' +++

2021-12-01 09:46:39,376: %UNICON-INFO: +++ edge-9300 with alias 'a': executing command 'show device-tracking database interface GigabitEthernet1/0/48' +++

2021-12-01 09:52:01,738: %UNICON-INFO: +++ edge-9300 with alias 'a': executing command 'show run interface GigabitEthernet1/0/48' +++

2021-12-01 09:52:12,633: %UNICON-INFO: +++ edge-9300 with alias 'a': executing command 'show interface GigabitEthernet1/0/48' +++

2021-12-01 09:52:35,393: %UNICON-INFO: +++ edge-9300 with alias 'a': executing command 'show interface vlan 100' +++

2021-12-01 09:52:48,507: %UNICON-INFO: +++ edge-9300 with alias 'a': executing command 'show interface GigabitEthernet1/0/48' +++

2021-12-01 09:52:50,386: %UNICON-INFO: +++ edge-9300 with alias 'a': executing command 'show interface vlan 100' +++

2021-12-01 09:52:51,795: %UNICON-INFO: +++ edge-9300 with alias 'a': executing command 'show authentication sessions interface GigabitEthernet1/0/48 details' +++

2021-12-01 09:52:52,148: %UNICON-INFO: +++ edge-9300 with alias 'a': executing command 'show device-tracking database interface GigabitEthernet1/0/48' +++

2021-12-01 09:52:52,454: %UNICON-INFO: +++ edge-9300 with alias 'a': executing command 'show logging' +++

2021-12-01 09:53:56,711: %UNICON-INFO: +++ edge-9300 with alias 'a': executing command 'show logging | i traceback' +++

2021-12-01 09:53:56,938: %UNICON-INFO: +++ edge-9300 with alias 'a': executing command 'show logging | i crash' +++

2021-12-01 09:53:57,335: %UNICON-INFO: +++ edge-9300 with alias 'a': executing command 'show device-tracking database interface GigabitEthernet1/0/48' +++

2021-12-01 09:53:57,606: %UNICON-INFO: +++ edge-9300 with alias 'a': executing command 'show telemetry internal connection' +++

2021-12-01 09:54:58,207: %UNICON-INFO: +++ edge-9300 with alias 'a': executing command 'show device-tracking database interface GigabitEthernet1/0/48' +++

2021-12-01 09:54:58,501: %UNICON-INFO: +++ edge-9300 with alias 'a': executing command 'show telemetry internal connection' +++

2021-12-01 09:55:59,102: %UNICON-INFO: +++ edge-9300 with alias 'a': executing command 'show device-tracking database interface GigabitEthernet1/0/48' +++

2021-12-01 09:55:59,409: %UNICON-INFO: +++ edge-9300 with alias 'a': executing command 'show telemetry internal connection' +++

2021-12-01 09:56:59,999: %UNICON-INFO: +++ edge-9300 with alias 'a': executing command 'show device-tracking database interface GigabitEthernet1/0/48' +++

2021-12-01 09:57:00,274: %UNICON-INFO: +++ edge-9300 with alias 'a': executing command 'show telemetry internal connection' +++

2021-12-01 09:58:00,859: %UNICON-INFO: +++ edge-9300 with alias 'a': executing command 'show device-tracking database interface GigabitEthernet1/0/48' +++

2021-12-01 09:58:01,127: %UNICON-INFO: +++ edge-9300 with alias 'a': executing command 'show telemetry internal connection' +++

2021-12-01 10:00:02,593: %UNICON-INFO: +++ edge-9300 with alias 'a': executing command 'show run interface GigabitEthernet1/0/48' +++

2021-12-01 10:00:13,485: %UNICON-INFO: +++ edge-9300 with alias 'a': executing command 'show interface GigabitEthernet1/0/48' +++

2021-12-01 10:00:36,319: %UNICON-INFO: +++ edge-9300 with alias 'a': executing command 'show interface vlan 100' +++

2021-12-01 10:00:49,399: %UNICON-INFO: +++ edge-9300 with alias 'a': executing command 'show interface GigabitEthernet1/0/48' +++

2021-12-01 10:00:51,228: %UNICON-INFO: +++ edge-9300 with alias 'a': executing command 'show interface vlan 100' +++

2021-12-01 10:00:52,655: %UNICON-INFO: +++ edge-9300 with alias 'a': executing command 'show authentication sessions interface GigabitEthernet1/0/48 details' +++

2021-12-01 10:00:53,009: %UNICON-INFO: +++ edge-9300 with alias 'a': executing command 'show device-tracking database interface GigabitEthernet1/0/48' +++

2021-12-01 10:06:14,964: %UNICON-INFO: +++ edge-9300 with alias 'a': executing command 'show run interface GigabitEthernet1/0/48' +++

2021-12-01 10:06:25,860: %UNICON-INFO: +++ edge-9300 with alias 'a': executing command 'show interface GigabitEthernet1/0/48' +++

2021-12-01 10:06:48,596: %UNICON-INFO: +++ edge-9300 with alias 'a': executing command 'show interface vlan 100' +++

2021-12-01 10:07:01,697: %UNICON-INFO: +++ edge-9300 with alias 'a': executing command 'show interface GigabitEthernet1/0/48' +++

2021-12-01 10:07:03,526: %UNICON-INFO: +++ edge-9300 with alias 'a': executing command 'show interface vlan 100' +++

2021-12-01 10:07:04,946: %UNICON-INFO: +++ edge-9300 with alias 'a': executing command 'show authentication sessions interface GigabitEthernet1/0/48 details' +++

2021-12-01 10:07:05,337: %UNICON-INFO: +++ edge-9300 with alias 'a': executing command 'show device-tracking database interface GigabitEthernet1/0/48' +++

2021-12-01 10:07:05,607: %UNICON-INFO: +++ edge-9300 with alias 'a': executing command 'show logging' +++

2021-12-01 10:08:20,462: %UNICON-INFO: +++ edge-9300 with alias 'a': executing command 'show logging | i traceback' +++

2021-12-01 10:08:20,688: %UNICON-INFO: +++ edge-9300 with alias 'a': executing command 'show logging | i crash' +++

2021-12-01 10:08:21,102: %UNICON-INFO: +++ edge-9300 with alias 'a': executing command 'show device-tracking database interface GigabitEthernet1/0/48' +++

2021-12-01 10:08:21,408: %UNICON-INFO: +++ edge-9300 with alias 'a': executing command 'show telemetry internal connection' +++

2021-12-01 10:09:21,968: %UNICON-INFO: +++ edge-9300 with alias 'a': executing command 'show device-tracking database interface GigabitEthernet1/0/48' +++

2021-12-01 10:09:22,238: %UNICON-INFO: +++ edge-9300 with alias 'a': executing command 'show telemetry internal connection' +++

2021-12-01 10:10:22,871: %UNICON-INFO: +++ edge-9300 with alias 'a': executing command 'show device-tracking database interface GigabitEthernet1/0/48' +++

2021-12-01 10:10:23,142: %UNICON-INFO: +++ edge-9300 with alias 'a': executing command 'show telemetry internal connection' +++

2021-12-01 10:11:23,763: %UNICON-INFO: +++ edge-9300 with alias 'a': executing command 'show device-tracking database interface GigabitEthernet1/0/48' +++

2021-12-01 10:11:24,033: %UNICON-INFO: +++ edge-9300 with alias 'a': executing command 'show telemetry internal connection' +++

2021-12-01 10:12:24,636: %UNICON-INFO: +++ edge-9300 with alias 'a': executing command 'show device-tracking database interface GigabitEthernet1/0/48' +++

2021-12-01 10:12:24,907: %UNICON-INFO: +++ edge-9300 with alias 'a': executing command 'show telemetry internal connection' +++

2021-12-01 10:14:26,391: %UNICON-INFO: +++ edge-9300 with alias 'a': executing command 'show run interface GigabitEthernet1/0/48' +++

2021-12-01 10:14:37,284: %UNICON-INFO: +++ edge-9300 with alias 'a': executing command 'show interface GigabitEthernet1/0/48' +++

2021-12-01 10:15:00,036: %UNICON-INFO: +++ edge-9300 with alias 'a': executing command 'show interface vlan 100' +++

2021-12-01 10:15:13,110: %UNICON-INFO: +++ edge-9300 with alias 'a': executing command 'show interface GigabitEthernet1/0/48' +++

2021-12-01 10:15:14,955: %UNICON-INFO: +++ edge-9300 with alias 'a': executing command 'show interface vlan 100' +++

2021-12-01 10:15:16,406: %UNICON-INFO: +++ edge-9300 with alias 'a': executing command 'show authentication sessions interface GigabitEthernet1/0/48 details' +++

2021-12-01 10:15:16,758: %UNICON-INFO: +++ edge-9300 with alias 'a': executing command 'show device-tracking database interface GigabitEthernet1/0/48' +++

2021-12-01 10:20:41,807: %UNICON-INFO: +++ edge-9300 with alias 'a': executing command 'show run interface GigabitEthernet1/0/48' +++

2021-12-01 10:20:52,704: %UNICON-INFO: +++ edge-9300 with alias 'a': executing command 'show interface GigabitEthernet1/0/48' +++

2021-12-01 10:21:15,479: %UNICON-INFO: +++ edge-9300 with alias 'a': executing command 'show interface vlan 100' +++

2021-12-01 10:21:28,610: %UNICON-INFO: +++ edge-9300 with alias 'a': executing command 'show interface GigabitEthernet1/0/48' +++

2021-12-01 10:21:30,436: %UNICON-INFO: +++ edge-9300 with alias 'a': executing command 'show interface vlan 100' +++

2021-12-01 10:21:31,844: %UNICON-INFO: +++ edge-9300 with alias 'a': executing command 'show authentication sessions interface GigabitEthernet1/0/48 details' +++

2021-12-01 10:21:32,202: %UNICON-INFO: +++ edge-9300 with alias 'a': executing command 'show device-tracking database interface GigabitEthernet1/0/48' +++

2021-12-01 10:21:53,468: %UNICON-INFO: +++ edge-9300 with alias 'a': executing command 'show run interface GigabitEthernet1/0/48' +++

2021-12-01 10:22:04,389: %UNICON-INFO: +++ edge-9300 with alias 'a': executing command 'show interface GigabitEthernet1/0/48' +++

2021-12-01 10:22:27,103: %UNICON-INFO: +++ edge-9300 with alias 'a': executing command 'show interface vlan 100' +++

2021-12-01 10:22:40,172: %UNICON-INFO: +++ edge-9300 with alias 'a': executing command 'show interface GigabitEthernet1/0/48' +++

2021-12-01 10:22:42,050: %UNICON-INFO: +++ edge-9300 with alias 'a': executing command 'show interface vlan 100' +++

2021-12-01 10:22:43,466: %UNICON-INFO: +++ edge-9300 with alias 'a': executing command 'show authentication sessions interface GigabitEthernet1/0/48 details' +++

2021-12-01 10:22:43,818: %UNICON-INFO: +++ edge-9300 with alias 'a': executing command 'show device-tracking database interface GigabitEthernet1/0/48' +++

2021-12-01 10:22:44,090: %UNICON-INFO: +++ edge-9300 with alias 'a': executing command 'show logging' +++

2021-12-01 10:24:11,503: %UNICON-INFO: +++ edge-9300 with alias 'a': executing command 'show logging | i traceback' +++

2021-12-01 10:24:11,731: %UNICON-INFO: +++ edge-9300 with alias 'a': executing command 'show logging | i crash' +++

2021-12-01 10:24:13,143: %UNICON-INFO: +++ edge-9300 with alias 'a': executing command 'show device-tracking database interface GigabitEthernet1/0/48' +++

2021-12-01 10:24:13,414: %UNICON-INFO: +++ edge-9300 with alias 'a': executing command 'show telemetry internal connection' +++

2021-12-01 10:25:13,982: %UNICON-INFO: +++ edge-9300 with alias 'a': executing command 'show device-tracking database interface GigabitEthernet1/0/48' +++

2021-12-01 10:25:14,252: %UNICON-INFO: +++ edge-9300 with alias 'a': executing command 'show telemetry internal connection' +++

2021-12-01 10:26:14,829: %UNICON-INFO: +++ edge-9300 with alias 'a': executing command 'show device-tracking database interface GigabitEthernet1/0/48' +++

2021-12-01 10:26:15,195: %UNICON-INFO: +++ edge-9300 with alias 'a': executing command 'show telemetry internal connection' +++

2021-12-01 10:27:15,874: %UNICON-INFO: +++ edge-9300 with alias 'a': executing command 'show device-tracking database interface GigabitEthernet1/0/48' +++

2021-12-01 10:27:16,147: %UNICON-INFO: +++ edge-9300 with alias 'a': executing command 'show telemetry internal connection' +++

2021-12-01 10:28:16,700: %UNICON-INFO: +++ edge-9300 with alias 'a': executing command 'show device-tracking database interface GigabitEthernet1/0/48' +++

2021-12-01 10:28:16,986: %UNICON-INFO: +++ edge-9300 with alias 'a': executing command 'show telemetry internal connection' +++

2021-12-01 10:30:18,502: %UNICON-INFO: +++ edge-9300 with alias 'a': executing command 'show run interface GigabitEthernet1/0/48' +++

2021-12-01 10:30:29,425: %UNICON-INFO: +++ edge-9300 with alias 'a': executing command 'show interface GigabitEthernet1/0/48' +++

2021-12-01 10:30:52,141: %UNICON-INFO: +++ edge-9300 with alias 'a': executing command 'show interface vlan 100' +++

2021-12-01 10:31:05,232: %UNICON-INFO: +++ edge-9300 with alias 'a': executing command 'show interface GigabitEthernet1/0/48' +++

2021-12-01 10:31:07,071: %UNICON-INFO: +++ edge-9300 with alias 'a': executing command 'show interface vlan 100' +++

2021-12-01 10:31:08,487: %UNICON-INFO: +++ edge-9300 with alias 'a': executing command 'show authentication sessions interface GigabitEthernet1/0/48 details' +++

2021-12-01 10:31:08,844: %UNICON-INFO: +++ edge-9300 with alias 'a': executing command 'show device-tracking database interface GigabitEthernet1/0/48' +++

2021-12-01 10:36:30,960: %UNICON-INFO: +++ edge-9300 with alias 'a': executing command 'show run interface GigabitEthernet1/0/48' +++

2021-12-01 10:36:41,852: %UNICON-INFO: +++ edge-9300 with alias 'a': executing command 'show interface GigabitEthernet1/0/48' +++

2021-12-01 10:37:04,603: %UNICON-INFO: +++ edge-9300 with alias 'a': executing command 'show interface vlan 100' +++

2021-12-01 10:37:17,700: %UNICON-INFO: +++ edge-9300 with alias 'a': executing command 'show interface GigabitEthernet1/0/48' +++

2021-12-01 10:37:19,531: %UNICON-INFO: +++ edge-9300 with alias 'a': executing command 'show interface vlan 100' +++

2021-12-01 10:37:20,946: %UNICON-INFO: +++ edge-9300 with alias 'a': executing command 'show authentication sessions interface GigabitEthernet1/0/48 details' +++

2021-12-01 10:37:21,297: %UNICON-INFO: +++ edge-9300 with alias 'a': executing command 'show device-tracking database interface GigabitEthernet1/0/48' +++

2021-12-01 10:37:21,567: %UNICON-INFO: +++ edge-9300 with alias 'a': executing command 'show logging' +++

2021-12-01 10:38:57,995: %UNICON-INFO: +++ edge-9300 with alias 'a': executing command 'show logging | i traceback' +++

2021-12-01 10:38:58,223: %UNICON-INFO: +++ edge-9300 with alias 'a': executing command 'show logging | i crash' +++

2021-12-01 10:38:58,636: %UNICON-INFO: +++ edge-9300 with alias 'a': executing command 'show device-tracking database interface GigabitEthernet1/0/48' +++

2021-12-01 10:38:58,906: %UNICON-INFO: +++ edge-9300 with alias 'a': executing command 'show telemetry internal connection' +++

2021-12-01 10:39:59,503: %UNICON-INFO: +++ edge-9300 with alias 'a': executing command 'show device-tracking database interface GigabitEthernet1/0/48' +++

2021-12-01 10:39:59,774: %UNICON-INFO: +++ edge-9300 with alias 'a': executing command 'show telemetry internal connection' +++

2021-12-01 10:41:00,398: %UNICON-INFO: +++ edge-9300 with alias 'a': executing command 'show device-tracking database interface GigabitEthernet1/0/48' +++

2021-12-01 10:41:00,754: %UNICON-INFO: +++ edge-9300 with alias 'a': executing command 'show telemetry internal connection' +++

2021-12-01 10:42:01,458: %UNICON-INFO: +++ edge-9300 with alias 'a': executing command 'show device-tracking database interface GigabitEthernet1/0/48' +++

2021-12-01 10:42:01,746: %UNICON-INFO: +++ edge-9300 with alias 'a': executing command 'show telemetry internal connection' +++

2021-12-01 10:43:02,340: %UNICON-INFO: +++ edge-9300 with alias 'a': executing command 'show device-tracking database interface GigabitEthernet1/0/48' +++

2021-12-01 10:43:02,611: %UNICON-INFO: +++ edge-9300 with alias 'a': executing command 'show telemetry internal connection' +++

2021-12-01 10:45:04,143: %UNICON-INFO: +++ edge-9300 with alias 'a': executing command 'show run interface GigabitEthernet1/0/48' +++

2021-12-01 10:45:15,084: %UNICON-INFO: +++ edge-9300 with alias 'a': executing command 'show interface GigabitEthernet1/0/48' +++

2021-12-01 10:45:38,401: %UNICON-INFO: +++ edge-9300 with alias 'a': executing command 'show interface vlan 100' +++

2021-12-01 10:45:51,513: %UNICON-INFO: +++ edge-9300 with alias 'a': executing command 'show interface GigabitEthernet1/0/48' +++

2021-12-01 10:45:53,392: %UNICON-INFO: +++ edge-9300 with alias 'a': executing command 'show interface vlan 100' +++

2021-12-01 10:45:54,800: %UNICON-INFO: +++ edge-9300 with alias 'a': executing command 'show authentication sessions interface GigabitEthernet1/0/48 details' +++

2021-12-01 10:45:55,152: %UNICON-INFO: +++ edge-9300 with alias 'a': executing command 'show device-tracking database interface GigabitEthernet1/0/48' +++

2021-12-01 10:51:20,640: %UNICON-INFO: +++ edge-9300 with alias 'a': executing command 'show run interface GigabitEthernet1/0/48' +++

2021-12-01 10:51:31,545: %UNICON-INFO: +++ edge-9300 with alias 'a': executing command 'show interface GigabitEthernet1/0/48' +++

2021-12-01 10:51:54,340: %UNICON-INFO: +++ edge-9300 with alias 'a': executing command 'show interface vlan 100' +++

2021-12-01 10:52:07,413: %UNICON-INFO: +++ edge-9300 with alias 'a': executing command 'show interface GigabitEthernet1/0/48' +++

2021-12-01 10:52:09,237: %UNICON-INFO: +++ edge-9300 with alias 'a': executing command 'show interface vlan 100' +++

2021-12-01 10:52:10,661: %UNICON-INFO: +++ edge-9300 with alias 'a': executing command 'show authentication sessions interface GigabitEthernet1/0/48 details' +++

2021-12-01 10:52:11,013: %UNICON-INFO: +++ edge-9300 with alias 'a': executing command 'show device-tracking database interface GigabitEthernet1/0/48' +++

2021-12-01 10:52:32,148: %UNICON-INFO: +++ edge-9300 with alias 'a': executing command 'show run interface GigabitEthernet1/0/48' +++

2021-12-01 10:52:43,064: %UNICON-INFO: +++ edge-9300 with alias 'a': executing command 'show interface GigabitEthernet1/0/48' +++

2021-12-01 10:53:05,838: %UNICON-INFO: +++ edge-9300 with alias 'a': executing command 'show interface vlan 100' +++

2021-12-01 10:53:18,899: %UNICON-INFO: +++ edge-9300 with alias 'a': executing command 'show interface GigabitEthernet1/0/48' +++

2021-12-01 10:53:20,729: %UNICON-INFO: +++ edge-9300 with alias 'a': executing command 'show interface vlan 100' +++

2021-12-01 10:53:22,147: %UNICON-INFO: +++ edge-9300 with alias 'a': executing command 'show authentication sessions interface GigabitEthernet1/0/48 details' +++

2021-12-01 10:53:22,499: %UNICON-INFO: +++ edge-9300 with alias 'a': executing command 'show device-tracking database interface GigabitEthernet1/0/48' +++

2021-12-01 10:53:22,768: %UNICON-INFO: +++ edge-9300 with alias 'a': executing command 'show logging' +++

2021-12-01 10:55:11,824: %UNICON-INFO: +++ edge-9300 with alias 'a': executing command 'show logging | i traceback' +++

2021-12-01 10:55:12,052: %UNICON-INFO: +++ edge-9300 with alias 'a': executing command 'show logging | i crash' +++

2021-12-01 10:55:12,447: %UNICON-INFO: +++ edge-9300 with alias 'a': executing command 'show device-tracking database interface GigabitEthernet1/0/48' +++

2021-12-01 10:55:12,717: %UNICON-INFO: +++ edge-9300 with alias 'a': executing command 'show telemetry internal connection' +++

2021-12-01 10:56:13,302: %UNICON-INFO: +++ edge-9300 with alias 'a': executing command 'show device-tracking database interface GigabitEthernet1/0/48' +++

2021-12-01 10:56:13,572: %UNICON-INFO: +++ edge-9300 with alias 'a': executing command 'show telemetry internal connection' +++

2021-12-01 10:57:14,182: %UNICON-INFO: +++ edge-9300 with alias 'a': executing command 'show device-tracking database interface GigabitEthernet1/0/48' +++

2021-12-01 10:57:14,508: %UNICON-INFO: +++ edge-9300 with alias 'a': executing command 'show telemetry internal connection' +++

2021-12-01 10:58:15,065: %UNICON-INFO: +++ edge-9300 with alias 'a': executing command 'show device-tracking database interface GigabitEthernet1/0/48' +++

2021-12-01 10:58:15,393: %UNICON-INFO: +++ edge-9300 with alias 'a': executing command 'show telemetry internal connection' +++

2021-12-01 10:59:15,989: %UNICON-INFO: +++ edge-9300 with alias 'a': executing command 'show device-tracking database interface GigabitEthernet1/0/48' +++

2021-12-01 10:59:16,259: %UNICON-INFO: +++ edge-9300 with alias 'a': executing command 'show telemetry internal connection' +++

2021-12-01 11:01:17,819: %UNICON-INFO: +++ edge-9300 with alias 'a': executing command 'show run interface GigabitEthernet1/0/48' +++

2021-12-01 11:01:28,729: %UNICON-INFO: +++ edge-9300 with alias 'a': executing command 'show interface GigabitEthernet1/0/48' +++

2021-12-01 11:01:51,458: %UNICON-INFO: +++ edge-9300 with alias 'a': executing command 'show interface vlan 100' +++

2021-12-01 11:02:04,626: %UNICON-INFO: +++ edge-9300 with alias 'a': executing command 'show interface GigabitEthernet1/0/48' +++

2021-12-01 11:02:06,456: %UNICON-INFO: +++ edge-9300 with alias 'a': executing command 'show interface vlan 100' +++

2021-12-01 11:02:07,873: %UNICON-INFO: +++ edge-9300 with alias 'a': executing command 'show authentication sessions interface GigabitEthernet1/0/48 details' +++

2021-12-01 11:02:08,229: %UNICON-INFO: +++ edge-9300 with alias 'a': executing command 'show device-tracking database interface GigabitEthernet1/0/48' +++

2021-12-01 11:07:29,849: %UNICON-INFO: +++ edge-9300 with alias 'a': executing command 'show run interface GigabitEthernet1/0/48' +++

2021-12-01 11:07:40,754: %UNICON-INFO: +++ edge-9300 with alias 'a': executing command 'show interface GigabitEthernet1/0/48' +++

2021-12-01 11:08:03,494: %UNICON-INFO: +++ edge-9300 with alias 'a': executing command 'show interface vlan 100' +++

2021-12-01 11:08:16,615: %UNICON-INFO: +++ edge-9300 with alias 'a': executing command 'show interface GigabitEthernet1/0/48' +++

2021-12-01 11:08:18,454: %UNICON-INFO: +++ edge-9300 with alias 'a': executing command 'show interface vlan 100' +++

2021-12-01 11:08:19,861: %UNICON-INFO: +++ edge-9300 with alias 'a': executing command 'show authentication sessions interface GigabitEthernet1/0/48 details' +++

2021-12-01 11:08:20,216: %UNICON-INFO: +++ edge-9300 with alias 'a': executing command 'show device-tracking database interface GigabitEthernet1/0/48' +++

2021-12-01 11:08:20,705: %UNICON-INFO: +++ edge-9300 with alias 'a': executing command 'show device-tracking database interface GigabitEthernet1/0/48' +++

2021-12-01 11:08:20,977: %UNICON-INFO: +++ edge-9300 with alias 'a': executing command 'show telemetry internal connection' +++

2021-12-01 11:09:21,534: %UNICON-INFO: +++ edge-9300 with alias 'a': executing command 'show device-tracking database interface GigabitEthernet1/0/48' +++

2021-12-01 11:09:21,809: %UNICON-INFO: +++ edge-9300 with alias 'a': executing command 'show telemetry internal connection' +++

2021-12-01 11:10:22,410: %UNICON-INFO: +++ edge-9300 with alias 'a': executing command 'show device-tracking database interface GigabitEthernet1/0/48' +++

2021-12-01 11:10:22,679: %UNICON-INFO: +++ edge-9300 with alias 'a': executing command 'show telemetry internal connection' +++

2021-12-01 11:11:23,280: %UNICON-INFO: +++ edge-9300 with alias 'a': executing command 'show device-tracking database interface GigabitEthernet1/0/48' +++

2021-12-01 11:11:23,551: %UNICON-INFO: +++ edge-9300 with alias 'a': executing command 'show telemetry internal connection' +++

2021-12-01 11:12:24,158: %UNICON-INFO: +++ edge-9300 with alias 'a': executing command 'show device-tracking database interface GigabitEthernet1/0/48' +++

2021-12-01 11:12:24,452: %UNICON-INFO: +++ edge-9300 with alias 'a': executing command 'show telemetry internal connection' +++

2021-12-01 11:14:26,005: %UNICON-INFO: +++ edge-9300 with alias 'a': executing command 'show run interface GigabitEthernet1/0/48' +++

2021-12-01 11:14:36,890: %UNICON-INFO: +++ edge-9300 with alias 'a': executing command 'show interface GigabitEthernet1/0/48' +++

2021-12-01 11:14:59,619: %UNICON-INFO: +++ edge-9300 with alias 'a': executing command 'show interface vlan 100' +++

2021-12-01 11:15:12,729: %UNICON-INFO: +++ edge-9300 with alias 'a': executing command 'show interface GigabitEthernet1/0/48' +++

2021-12-01 11:15:14,557: %UNICON-INFO: +++ edge-9300 with alias 'a': executing command 'show interface vlan 100' +++

2021-12-01 11:15:15,975: %UNICON-INFO: +++ edge-9300 with alias 'a': executing command 'show authentication sessions interface GigabitEthernet1/0/48 details' +++

2021-12-01 11:15:16,403: %UNICON-INFO: +++ edge-9300 with alias 'a': executing command 'show device-tracking database interface GigabitEthernet1/0/48' +++

2021-12-01 11:20:38,538: %UNICON-INFO: +++ edge-9300 with alias 'a': executing command 'show run interface GigabitEthernet1/0/48' +++

2021-12-01 11:20:49,433: %UNICON-INFO: +++ edge-9300 with alias 'a': executing command 'show interface GigabitEthernet1/0/48' +++

2021-12-01 11:21:12,110: %UNICON-INFO: +++ edge-9300 with alias 'a': executing command 'show interface vlan 100' +++

2021-12-01 11:21:25,168: %UNICON-INFO: +++ edge-9300 with alias 'a': executing command 'show interface GigabitEthernet1/0/48' +++

2021-12-01 11:21:27,055: %UNICON-INFO: +++ edge-9300 with alias 'a': executing command 'show interface vlan 100' +++

2021-12-01 11:21:28,467: %UNICON-INFO: +++ edge-9300 with alias 'a': executing command 'show authentication sessions interface GigabitEthernet1/0/48 details' +++

2021-12-01 11:21:28,819: %UNICON-INFO: +++ edge-9300 with alias 'a': executing command 'show device-tracking database interface GigabitEthernet1/0/48' +++

2021-12-01 11:21:29,258: %UNICON-INFO: +++ edge-9300 with alias 'a': executing command 'show device-tracking database interface GigabitEthernet1/0/48' +++

2021-12-01 11:21:29,527: %UNICON-INFO: +++ edge-9300 with alias 'a': executing command 'show telemetry internal connection' +++

2021-12-01 11:22:30,114: %UNICON-INFO: +++ edge-9300 with alias 'a': executing command 'show device-tracking database interface GigabitEthernet1/0/48' +++

2021-12-01 11:22:30,420: %UNICON-INFO: +++ edge-9300 with alias 'a': executing command 'show telemetry internal connection' +++

2021-12-01 11:23:31,003: %UNICON-INFO: +++ edge-9300 with alias 'a': executing command 'show device-tracking database interface GigabitEthernet1/0/48' +++

2021-12-01 11:23:31,272: %UNICON-INFO: +++ edge-9300 with alias 'a': executing command 'show telemetry internal connection' +++

2021-12-01 11:24:31,876: %UNICON-INFO: +++ edge-9300 with alias 'a': executing command 'show device-tracking database interface GigabitEthernet1/0/48' +++

2021-12-01 11:24:32,147: %UNICON-INFO: +++ edge-9300 with alias 'a': executing command 'show telemetry internal connection' +++

2021-12-01 11:25:32,755: %UNICON-INFO: +++ edge-9300 with alias 'a': executing command 'show device-tracking database interface GigabitEthernet1/0/48' +++

2021-12-01 11:25:33,028: %UNICON-INFO: +++ edge-9300 with alias 'a': executing command 'show telemetry internal connection' +++

2021-12-01 11:27:34,618: %UNICON-INFO: +++ edge-9300 with alias 'a': executing command 'show run interface GigabitEthernet1/0/48' +++

2021-12-01 11:27:45,514: %UNICON-INFO: +++ edge-9300 with alias 'a': executing command 'show interface GigabitEthernet1/0/48' +++

2021-12-01 11:28:09,113: %UNICON-INFO: +++ edge-9300 with alias 'a': executing command 'show interface vlan 100' +++

2021-12-01 11:28:22,183: %UNICON-INFO: +++ edge-9300 with alias 'a': executing command 'show interface GigabitEthernet1/0/48' +++

2021-12-01 11:28:24,058: %UNICON-INFO: +++ edge-9300 with alias 'a': executing command 'show interface vlan 100' +++

2021-12-01 11:28:25,509: %UNICON-INFO: +++ edge-9300 with alias 'a': executing command 'show authentication sessions interface GigabitEthernet1/0/48 details' +++

2021-12-01 11:28:25,917: %UNICON-INFO: +++ edge-9300 with alias 'a': executing command 'show device-tracking database interface GigabitEthernet1/0/48' +++

2021-12-01 11:33:47,980: %UNICON-INFO: +++ edge-9300 with alias 'a': executing command 'show run interface GigabitEthernet1/0/48' +++

2021-12-01 11:33:58,879: %UNICON-INFO: +++ edge-9300 with alias 'a': executing command 'show interface GigabitEthernet1/0/48' +++

2021-12-01 11:34:21,612: %UNICON-INFO: +++ edge-9300 with alias 'a': executing command 'show interface vlan 100' +++

2021-12-01 11:34:34,748: %UNICON-INFO: +++ edge-9300 with alias 'a': executing command 'show interface GigabitEthernet1/0/48' +++

2021-12-01 11:34:36,576: %UNICON-INFO: +++ edge-9300 with alias 'a': executing command 'show interface vlan 100' +++

2021-12-01 11:34:37,992: %UNICON-INFO: +++ edge-9300 with alias 'a': executing command 'show authentication sessions interface GigabitEthernet1/0/48 details' +++

2021-12-01 11:34:38,399: %UNICON-INFO: +++ edge-9300 with alias 'a': executing command 'show device-tracking database interface GigabitEthernet1/0/48' +++

2021-12-01 11:34:38,827: %UNICON-INFO: +++ edge-9300 with alias 'a': executing command 'show device-tracking database interface GigabitEthernet1/0/48' +++

2021-12-01 11:34:39,100: %UNICON-INFO: +++ edge-9300 with alias 'a': executing command 'show telemetry internal connection' +++

2021-12-01 11:35:39,693: %UNICON-INFO: +++ edge-9300 with alias 'a': executing command 'show device-tracking database interface GigabitEthernet1/0/48' +++

2021-12-01 11:35:39,963: %UNICON-INFO: +++ edge-9300 with alias 'a': executing command 'show telemetry internal connection' +++

2021-12-01 11:36:40,537: %UNICON-INFO: +++ edge-9300 with alias 'a': executing command 'show device-tracking database interface GigabitEthernet1/0/48' +++

2021-12-01 11:36:40,806: %UNICON-INFO: +++ edge-9300 with alias 'a': executing command 'show telemetry internal connection' +++

2021-12-01 11:37:41,414: %UNICON-INFO: +++ edge-9300 with alias 'a': executing command 'show device-tracking database interface GigabitEthernet1/0/48' +++

2021-12-01 11:37:41,685: %UNICON-INFO: +++ edge-9300 with alias 'a': executing command 'show telemetry internal connection' +++

2021-12-01 11:38:42,240: %UNICON-INFO: +++ edge-9300 with alias 'a': executing command 'show device-tracking database interface GigabitEthernet1/0/48' +++

2021-12-01 11:38:42,526: %UNICON-INFO: +++ edge-9300 with alias 'a': executing command 'show telemetry internal connection' +++

2021-12-01 11:40:44,126: %UNICON-INFO: +++ edge-9300 with alias 'a': executing command 'show run interface GigabitEthernet1/0/48' +++

2021-12-01 11:40:55,024: %UNICON-INFO: +++ edge-9300 with alias 'a': executing command 'show interface GigabitEthernet1/0/48' +++

2021-12-01 11:41:18,135: %UNICON-INFO: +++ edge-9300 with alias 'a': executing command 'show interface vlan 100' +++

2021-12-01 11:41:31,428: %UNICON-INFO: +++ edge-9300 with alias 'a': executing command 'show interface GigabitEthernet1/0/48' +++

2021-12-01 11:41:33,253: %UNICON-INFO: +++ edge-9300 with alias 'a': executing command 'show interface vlan 100' +++

2021-12-01 11:41:34,670: %UNICON-INFO: +++ edge-9300 with alias 'a': executing command 'show authentication sessions interface GigabitEthernet1/0/48 details' +++

2021-12-01 11:41:35,023: %UNICON-INFO: +++ edge-9300 with alias 'a': executing command 'show device-tracking database interface GigabitEthernet1/0/48' +++

2021-12-01 11:46:57,521: %UNICON-INFO: +++ edge-9300 with alias 'a': executing command 'show run interface GigabitEthernet1/0/48' +++

2021-12-01 11:47:08,435: %UNICON-INFO: +++ edge-9300 with alias 'a': executing command 'show interface GigabitEthernet1/0/48' +++

2021-12-01 11:47:31,128: %UNICON-INFO: +++ edge-9300 with alias 'a': executing command 'show interface vlan 100' +++

2021-12-01 11:47:44,189: %UNICON-INFO: +++ edge-9300 with alias 'a': executing command 'show interface GigabitEthernet1/0/48' +++

2021-12-01 11:47:46,060: %UNICON-INFO: +++ edge-9300 with alias 'a': executing command 'show interface vlan 100' +++

2021-12-01 11:47:47,467: %UNICON-INFO: +++ edge-9300 with alias 'a': executing command 'show authentication sessions interface GigabitEthernet1/0/48 details' +++

2021-12-01 11:47:47,823: %UNICON-INFO: +++ edge-9300 with alias 'a': executing command 'show device-tracking database interface GigabitEthernet1/0/48' +++

2021-12-01 11:47:48,258: %UNICON-INFO: +++ edge-9300 with alias 'a': executing command 'show device-tracking database interface GigabitEthernet1/0/48' +++

2021-12-01 11:47:48,528: %UNICON-INFO: +++ edge-9300 with alias 'a': executing command 'show telemetry internal connection' +++

2021-12-01 11:48:49,131: %UNICON-INFO: +++ edge-9300 with alias 'a': executing command 'show device-tracking database interface GigabitEthernet1/0/48' +++

2021-12-01 11:48:49,417: %UNICON-INFO: +++ edge-9300 with alias 'a': executing command 'show telemetry internal connection' +++

2021-12-01 11:49:49,984: %UNICON-INFO: +++ edge-9300 with alias 'a': executing command 'show device-tracking database interface GigabitEthernet1/0/48' +++

2021-12-01 11:49:50,253: %UNICON-INFO: +++ edge-9300 with alias 'a': executing command 'show telemetry internal connection' +++

2021-12-01 11:50:50,848: %UNICON-INFO: +++ edge-9300 with alias 'a': executing command 'show device-tracking database interface GigabitEthernet1/0/48' +++

2021-12-01 11:50:51,119: %UNICON-INFO: +++ edge-9300 with alias 'a': executing command 'show telemetry internal connection' +++

2021-12-01 11:51:51,720: %UNICON-INFO: +++ edge-9300 with alias 'a': executing command 'show device-tracking database interface GigabitEthernet1/0/48' +++

2021-12-01 11:51:51,992: %UNICON-INFO: +++ edge-9300 with alias 'a': executing command 'show telemetry internal connection' +++

2021-12-01 11:53:53,514: %UNICON-INFO: +++ edge-9300 with alias 'a': executing command 'show run interface GigabitEthernet1/0/48' +++

2021-12-01 11:54:04,425: %UNICON-INFO: +++ edge-9300 with alias 'a': executing command 'show interface GigabitEthernet1/0/48' +++

2021-12-01 11:54:27,359: %UNICON-INFO: +++ edge-9300 with alias 'a': executing command 'show interface vlan 100' +++

2021-12-01 11:54:40,524: %UNICON-INFO: +++ edge-9300 with alias 'a': executing command 'show interface GigabitEthernet1/0/48' +++

2021-12-01 11:54:42,405: %UNICON-INFO: +++ edge-9300 with alias 'a': executing command 'show interface vlan 100' +++

2021-12-01 11:54:43,818: %UNICON-INFO: +++ edge-9300 with alias 'a': executing command 'show authentication sessions interface GigabitEthernet1/0/48 details' +++

2021-12-01 11:54:44,172: %UNICON-INFO: +++ edge-9300 with alias 'a': executing command 'show device-tracking database interface GigabitEthernet1/0/48' +++

2021-12-01 12:00:06,138: %UNICON-INFO: +++ edge-9300 with alias 'a': executing command 'show run interface GigabitEthernet1/0/48' +++

2021-12-01 12:00:17,033: %UNICON-INFO: +++ edge-9300 with alias 'a': executing command 'show interface GigabitEthernet1/0/48' +++

2021-12-01 12:00:39,796: %UNICON-INFO: +++ edge-9300 with alias 'a': executing command 'show interface vlan 100' +++

2021-12-01 12:00:52,891: %UNICON-INFO: +++ edge-9300 with alias 'a': executing command 'show interface GigabitEthernet1/0/48' +++

2021-12-01 12:00:54,717: %UNICON-INFO: +++ edge-9300 with alias 'a': executing command 'show interface vlan 100' +++

2021-12-01 12:00:56,126: %UNICON-INFO: +++ edge-9300 with alias 'a': executing command 'show authentication sessions interface GigabitEthernet1/0/48 details' +++

2021-12-01 12:00:56,479: %UNICON-INFO: +++ edge-9300 with alias 'a': executing command 'show device-tracking database interface GigabitEthernet1/0/48' +++

2021-12-01 12:00:56,925: %UNICON-INFO: +++ edge-9300 with alias 'a': executing command 'show device-tracking database interface GigabitEthernet1/0/48' +++

2021-12-01 12:00:57,197: %UNICON-INFO: +++ edge-9300 with alias 'a': executing command 'show telemetry internal connection' +++

2021-12-01 12:01:57,836: %UNICON-INFO: +++ edge-9300 with alias 'a': executing command 'show device-tracking database interface GigabitEthernet1/0/48' +++

2021-12-01 12:01:58,109: %UNICON-INFO: +++ edge-9300 with alias 'a': executing command 'show telemetry internal connection' +++

2021-12-01 12:02:58,703: %UNICON-INFO: +++ edge-9300 with alias 'a': executing command 'show device-tracking database interface GigabitEthernet1/0/48' +++

2021-12-01 12:02:58,975: %UNICON-INFO: +++ edge-9300 with alias 'a': executing command 'show telemetry internal connection' +++

2021-12-01 12:03:59,576: %UNICON-INFO: +++ edge-9300 with alias 'a': executing command 'show device-tracking database interface GigabitEthernet1/0/48' +++

2021-12-01 12:03:59,849: %UNICON-INFO: +++ edge-9300 with alias 'a': executing command 'show telemetry internal connection' +++

2021-12-01 12:05:00,470: %UNICON-INFO: +++ edge-9300 with alias 'a': executing command 'show device-tracking database interface GigabitEthernet1/0/48' +++

2021-12-01 12:05:00,740: %UNICON-INFO: +++ edge-9300 with alias 'a': executing command 'show telemetry internal connection' +++

2021-12-01 12:07:02,328: %UNICON-INFO: +++ edge-9300 with alias 'a': executing command 'show run interface GigabitEthernet1/0/48' +++

2021-12-01 12:07:13,234: %UNICON-INFO: +++ edge-9300 with alias 'a': executing command 'show interface GigabitEthernet1/0/48' +++

2021-12-01 12:07:36,006: %UNICON-INFO: +++ edge-9300 with alias 'a': executing command 'show interface vlan 100' +++

2021-12-01 12:07:49,843: %UNICON-INFO: +++ edge-9300 with alias 'a': executing command 'show interface GigabitEthernet1/0/48' +++

2021-12-01 12:07:51,669: %UNICON-INFO: +++ edge-9300 with alias 'a': executing command 'show interface vlan 100' +++

2021-12-01 12:07:53,084: %UNICON-INFO: +++ edge-9300 with alias 'a': executing command 'show authentication sessions interface GigabitEthernet1/0/48 details' +++

2021-12-01 12:07:53,439: %UNICON-INFO: +++ edge-9300 with alias 'a': executing command 'show device-tracking database interface GigabitEthernet1/0/48' +++

2021-12-01 12:13:15,668: %UNICON-INFO: +++ edge-9300 with alias 'a': executing command 'show run interface GigabitEthernet1/0/48' +++

2021-12-01 12:13:26,577: %UNICON-INFO: +++ edge-9300 with alias 'a': executing command 'show interface GigabitEthernet1/0/48' +++

2021-12-01 12:13:49,347: %UNICON-INFO: +++ edge-9300 with alias 'a': executing command 'show interface vlan 100' +++

2021-12-01 12:14:02,421: %UNICON-INFO: +++ edge-9300 with alias 'a': executing command 'show interface GigabitEthernet1/0/48' +++

2021-12-01 12:14:04,250: %UNICON-INFO: +++ edge-9300 with alias 'a': executing command 'show interface vlan 100' +++

2021-12-01 12:14:05,678: %UNICON-INFO: +++ edge-9300 with alias 'a': executing command 'show authentication sessions interface GigabitEthernet1/0/48 details' +++

2021-12-01 12:14:06,032: %UNICON-INFO: +++ edge-9300 with alias 'a': executing command 'show device-tracking database interface GigabitEthernet1/0/48' +++

2021-12-01 12:14:21,539: %UNICON-INFO: +++ edge-9300 with alias 'a': executing command 'show device-tracking database interface GigabitEthernet1/0/48' +++

2021-12-01 12:14:21,810: %UNICON-INFO: +++ edge-9300 with alias 'a': executing command 'show telemetry internal connection' +++

2021-12-01 12:15:22,471: %UNICON-INFO: +++ edge-9300 with alias 'a': executing command 'show device-tracking database interface GigabitEthernet1/0/48' +++

2021-12-01 12:15:22,745: %UNICON-INFO: +++ edge-9300 with alias 'a': executing command 'show telemetry internal connection' +++

2021-12-01 12:16:23,309: %UNICON-INFO: +++ edge-9300 with alias 'a': executing command 'show device-tracking database interface GigabitEthernet1/0/48' +++

2021-12-01 12:16:23,582: %UNICON-INFO: +++ edge-9300 with alias 'a': executing command 'show telemetry internal connection' +++

2021-12-01 12:17:24,188: %UNICON-INFO: +++ edge-9300 with alias 'a': executing command 'show device-tracking database interface GigabitEthernet1/0/48' +++

2021-12-01 12:17:24,515: %UNICON-INFO: +++ edge-9300 with alias 'a': executing command 'show telemetry internal connection' +++

2021-12-01 12:18:25,122: %UNICON-INFO: +++ edge-9300 with alias 'a': executing command 'show device-tracking database interface GigabitEthernet1/0/48' +++

2021-12-01 12:18:25,427: %UNICON-INFO: +++ edge-9300 with alias 'a': executing command 'show telemetry internal connection' +++

2021-12-01 12:20:26,996: %UNICON-INFO: +++ edge-9300 with alias 'a': executing command 'show run interface GigabitEthernet1/0/48' +++

2021-12-01 12:20:37,894: %UNICON-INFO: +++ edge-9300 with alias 'a': executing command 'show interface GigabitEthernet1/0/48' +++

2021-12-01 12:21:00,650: %UNICON-INFO: +++ edge-9300 with alias 'a': executing command 'show interface vlan 100' +++

2021-12-01 12:21:13,788: %UNICON-INFO: +++ edge-9300 with alias 'a': executing command 'show interface GigabitEthernet1/0/48' +++

2021-12-01 12:21:15,616: %UNICON-INFO: +++ edge-9300 with alias 'a': executing command 'show interface vlan 100' +++

2021-12-01 12:21:17,024: %UNICON-INFO: +++ edge-9300 with alias 'a': executing command 'show authentication sessions interface GigabitEthernet1/0/48 details' +++

2021-12-01 12:21:17,411: %UNICON-INFO: +++ edge-9300 with alias 'a': executing command 'show device-tracking database interface GigabitEthernet1/0/48' +++

2021-12-01 12:26:38,932: %UNICON-INFO: +++ edge-9300 with alias 'a': executing command 'show run interface GigabitEthernet1/0/48' +++

2021-12-01 12:26:49,836: %UNICON-INFO: +++ edge-9300 with alias 'a': executing command 'show interface GigabitEthernet1/0/48' +++

2021-12-01 12:27:12,527: %UNICON-INFO: +++ edge-9300 with alias 'a': executing command 'show interface vlan 100' +++

2021-12-01 12:27:25,636: %UNICON-INFO: +++ edge-9300 with alias 'a': executing command 'show interface GigabitEthernet1/0/48' +++

2021-12-01 12:27:27,461: %UNICON-INFO: +++ edge-9300 with alias 'a': executing command 'show interface vlan 100' +++

2021-12-01 12:27:28,878: %UNICON-INFO: +++ edge-9300 with alias 'a': executing command 'show authentication sessions interface GigabitEthernet1/0/48 details' +++

2021-12-01 12:27:29,230: %UNICON-INFO: +++ edge-9300 with alias 'a': executing command 'show device-tracking database interface GigabitEthernet1/0/48' +++

2021-12-01 12:27:44,722: %UNICON-INFO: +++ edge-9300 with alias 'a': executing command 'show device-tracking database interface GigabitEthernet1/0/48' +++

2021-12-01 12:27:44,991: %UNICON-INFO: +++ edge-9300 with alias 'a': executing command 'show telemetry internal connection' +++

2021-12-01 12:28:45,596: %UNICON-INFO: +++ edge-9300 with alias 'a': executing command 'show device-tracking database interface GigabitEthernet1/0/48' +++

2021-12-01 12:28:45,868: %UNICON-INFO: +++ edge-9300 with alias 'a': executing command 'show telemetry internal connection' +++

2021-12-01 12:29:46,492: %UNICON-INFO: +++ edge-9300 with alias 'a': executing command 'show device-tracking database interface GigabitEthernet1/0/48' +++

2021-12-01 12:29:46,761: %UNICON-INFO: +++ edge-9300 with alias 'a': executing command 'show telemetry internal connection' +++

2021-12-01 12:30:47,364: %UNICON-INFO: +++ edge-9300 with alias 'a': executing command 'show device-tracking database interface GigabitEthernet1/0/48' +++

2021-12-01 12:30:47,635: %UNICON-INFO: +++ edge-9300 with alias 'a': executing command 'show telemetry internal connection' +++

2021-12-01 12:31:48,249: %UNICON-INFO: +++ edge-9300 with alias 'a': executing command 'show device-tracking database interface GigabitEthernet1/0/48' +++

2021-12-01 12:31:48,534: %UNICON-INFO: +++ edge-9300 with alias 'a': executing command 'show telemetry internal connection' +++

2021-12-01 12:33:50,116: %UNICON-INFO: +++ edge-9300 with alias 'a': executing command 'show run interface GigabitEthernet1/0/48' +++

2021-12-01 12:34:01,013: %UNICON-INFO: +++ edge-9300 with alias 'a': executing command 'show interface GigabitEthernet1/0/48' +++

2021-12-01 12:34:23,799: %UNICON-INFO: +++ edge-9300 with alias 'a': executing command 'show interface vlan 100' +++

2021-12-01 12:34:36,901: %UNICON-INFO: +++ edge-9300 with alias 'a': executing command 'show interface GigabitEthernet1/0/48' +++

2021-12-01 12:34:38,725: %UNICON-INFO: +++ edge-9300 with alias 'a': executing command 'show interface vlan 100' +++

2021-12-01 12:34:40,135: %UNICON-INFO: +++ edge-9300 with alias 'a': executing command 'show authentication sessions interface GigabitEthernet1/0/48 details' +++

2021-12-01 12:34:40,487: %UNICON-INFO: +++ edge-9300 with alias 'a': executing command 'show device-tracking database interface GigabitEthernet1/0/48' +++

2021-12-01 12:40:02,087: %UNICON-INFO: +++ edge-9300 with alias 'a': executing command 'show run interface GigabitEthernet1/0/48' +++

2021-12-01 12:40:12,980: %UNICON-INFO: +++ edge-9300 with alias 'a': executing command 'show interface GigabitEthernet1/0/48' +++

2021-12-01 12:40:35,749: %UNICON-INFO: +++ edge-9300 with alias 'a': executing command 'show interface vlan 100' +++

2021-12-01 12:40:48,839: %UNICON-INFO: +++ edge-9300 with alias 'a': executing command 'show interface GigabitEthernet1/0/48' +++

2021-12-01 12:40:50,681: %UNICON-INFO: +++ edge-9300 with alias 'a': executing command 'show interface vlan 100' +++

2021-12-01 12:40:52,103: %UNICON-INFO: +++ edge-9300 with alias 'a': executing command 'show authentication sessions interface GigabitEthernet1/0/48 details' +++

2021-12-01 12:40:52,460: %UNICON-INFO: +++ edge-9300 with alias 'a': executing command 'show device-tracking database interface GigabitEthernet1/0/48' +++

2021-12-01 12:41:07,926: %UNICON-INFO: +++ edge-9300 with alias 'a': executing command 'show device-tracking database interface GigabitEthernet1/0/48' +++

2021-12-01 12:41:08,200: %UNICON-INFO: +++ edge-9300 with alias 'a': executing command 'show telemetry internal connection' +++

2021-12-01 12:42:08,841: %UNICON-INFO: +++ edge-9300 with alias 'a': executing command 'show device-tracking database interface GigabitEthernet1/0/48' +++

2021-12-01 12:42:09,115: %UNICON-INFO: +++ edge-9300 with alias 'a': executing command 'show telemetry internal connection' +++

2021-12-01 12:43:09,716: %UNICON-INFO: +++ edge-9300 with alias 'a': executing command 'show device-tracking database interface GigabitEthernet1/0/48' +++

2021-12-01 12:43:09,987: %UNICON-INFO: +++ edge-9300 with alias 'a': executing command 'show telemetry internal connection' +++

2021-12-01 12:44:10,589: %UNICON-INFO: +++ edge-9300 with alias 'a': executing command 'show device-tracking database interface GigabitEthernet1/0/48' +++

2021-12-01 12:44:10,858: %UNICON-INFO: +++ edge-9300 with alias 'a': executing command 'show telemetry internal connection' +++

2021-12-01 12:45:11,483: %UNICON-INFO: +++ edge-9300 with alias 'a': executing command 'show device-tracking database interface GigabitEthernet1/0/48' +++

2021-12-01 12:45:11,753: %UNICON-INFO: +++ edge-9300 with alias 'a': executing command 'show telemetry internal connection' +++

2021-12-01 12:47:13,245: %UNICON-INFO: +++ edge-9300 with alias 'a': executing command 'show run interface GigabitEthernet1/0/48' +++

2021-12-01 12:47:24,161: %UNICON-INFO: +++ edge-9300 with alias 'a': executing command 'show interface GigabitEthernet1/0/48' +++

2021-12-01 12:47:46,938: %UNICON-INFO: +++ edge-9300 with alias 'a': executing command 'show interface vlan 100' +++

2021-12-01 12:48:00,035: %UNICON-INFO: +++ edge-9300 with alias 'a': executing command 'show interface GigabitEthernet1/0/48' +++

2021-12-01 12:48:01,869: %UNICON-INFO: +++ edge-9300 with alias 'a': executing command 'show interface vlan 100' +++

2021-12-01 12:48:03,277: %UNICON-INFO: +++ edge-9300 with alias 'a': executing command 'show authentication sessions interface GigabitEthernet1/0/48 details' +++

2021-12-01 12:48:03,633: %UNICON-INFO: +++ edge-9300 with alias 'a': executing command 'show device-tracking database interface GigabitEthernet1/0/48' +++

2021-12-01 12:53:25,187: %UNICON-INFO: +++ edge-9300 with alias 'a': executing command 'show run interface GigabitEthernet1/0/48' +++

2021-12-01 12:53:36,146: %UNICON-INFO: +++ edge-9300 with alias 'a': executing command 'show interface GigabitEthernet1/0/48' +++

2021-12-01 12:53:58,865: %UNICON-INFO: +++ edge-9300 with alias 'a': executing command 'show interface vlan 100' +++

2021-12-01 12:54:11,924: %UNICON-INFO: +++ edge-9300 with alias 'a': executing command 'show interface GigabitEthernet1/0/48' +++

2021-12-01 12:54:13,748: %UNICON-INFO: +++ edge-9300 with alias 'a': executing command 'show interface vlan 100' +++

2021-12-01 12:54:15,167: %UNICON-INFO: +++ edge-9300 with alias 'a': executing command 'show authentication sessions interface GigabitEthernet1/0/48 details' +++

2021-12-01 12:54:15,524: %UNICON-INFO: +++ edge-9300 with alias 'a': executing command 'show device-tracking database interface GigabitEthernet1/0/48' +++

2021-12-01 12:54:31,026: %UNICON-INFO: +++ edge-9300 with alias 'a': executing command 'show device-tracking database interface GigabitEthernet1/0/48' +++

2021-12-01 12:54:31,299: %UNICON-INFO: +++ edge-9300 with alias 'a': executing command 'show telemetry internal connection' +++

2021-12-01 12:55:31,914: %UNICON-INFO: +++ edge-9300 with alias 'a': executing command 'show device-tracking database interface GigabitEthernet1/0/48' +++

2021-12-01 12:55:32,185: %UNICON-INFO: +++ edge-9300 with alias 'a': executing command 'show telemetry internal connection' +++

2021-12-01 12:56:32,859: %UNICON-INFO: +++ edge-9300 with alias 'a': executing command 'show device-tracking database interface GigabitEthernet1/0/48' +++

2021-12-01 12:56:33,131: %UNICON-INFO: +++ edge-9300 with alias 'a': executing command 'show telemetry internal connection' +++

2021-12-01 12:57:33,704: %UNICON-INFO: +++ edge-9300 with alias 'a': executing command 'show device-tracking database interface GigabitEthernet1/0/48' +++

2021-12-01 12:57:33,973: %UNICON-INFO: +++ edge-9300 with alias 'a': executing command 'show telemetry internal connection' +++

2021-12-01 12:58:34,564: %UNICON-INFO: +++ edge-9300 with alias 'a': executing command 'show device-tracking database interface GigabitEthernet1/0/48' +++

2021-12-01 12:58:34,836: %UNICON-INFO: +++ edge-9300 with alias 'a': executing command 'show telemetry internal connection' +++

2021-12-01 13:00:36,423: %UNICON-INFO: +++ edge-9300 with alias 'a': executing command 'show run interface GigabitEthernet1/0/48' +++

2021-12-01 13:00:47,329: %UNICON-INFO: +++ edge-9300 with alias 'a': executing command 'show interface GigabitEthernet1/0/48' +++

2021-12-01 13:01:10,070: %UNICON-INFO: +++ edge-9300 with alias 'a': executing command 'show interface vlan 100' +++

2021-12-01 13:01:23,149: %UNICON-INFO: +++ edge-9300 with alias 'a': executing command 'show interface GigabitEthernet1/0/48' +++

2021-12-01 13:01:24,976: %UNICON-INFO: +++ edge-9300 with alias 'a': executing command 'show interface vlan 100' +++

2021-12-01 13:01:26,411: %UNICON-INFO: +++ edge-9300 with alias 'a': executing command 'show authentication sessions interface GigabitEthernet1/0/48 details' +++

2021-12-01 13:01:26,766: %UNICON-INFO: +++ edge-9300 with alias 'a': executing command 'show device-tracking database interface GigabitEthernet1/0/48' +++

2021-12-01 13:06:48,352: %UNICON-INFO: +++ edge-9300 with alias 'a': executing command 'show run interface GigabitEthernet1/0/48' +++

2021-12-01 13:06:59,250: %UNICON-INFO: +++ edge-9300 with alias 'a': executing command 'show interface GigabitEthernet1/0/48' +++

2021-12-01 13:07:21,987: %UNICON-INFO: +++ edge-9300 with alias 'a': executing command 'show interface vlan 100' +++

2021-12-01 13:07:35,080: %UNICON-INFO: +++ edge-9300 with alias 'a': executing command 'show interface GigabitEthernet1/0/48' +++

2021-12-01 13:07:36,906: %UNICON-INFO: +++ edge-9300 with alias 'a': executing command 'show interface vlan 100' +++

2021-12-01 13:07:38,316: %UNICON-INFO: +++ edge-9300 with alias 'a': executing command 'show authentication sessions interface GigabitEthernet1/0/48 details' +++

2021-12-01 13:07:38,674: %UNICON-INFO: +++ edge-9300 with alias 'a': executing command 'show device-tracking database interface GigabitEthernet1/0/48' +++

2021-12-01 13:07:40,327: %UNICON-INFO: +++ edge-9300 with alias 'a': executing command 'write memory' +++

2021-12-01 13:07:46,322: %UNICON-INFO: +++ edge-9300 with alias 'a': executing command 'show device-tracking database interface GigabitEthernet1/0/48' +++

2021-12-01 13:07:46,594: %UNICON-INFO: +++ edge-9300 with alias 'a': executing command 'show telemetry internal connection' +++

2021-12-01 13:08:47,200: %UNICON-INFO: +++ edge-9300 with alias 'a': executing command 'show device-tracking database interface GigabitEthernet1/0/48' +++

2021-12-01 13:08:47,526: %UNICON-INFO: +++ edge-9300 with alias 'a': executing command 'show telemetry internal connection' +++

2021-12-01 13:09:48,134: %UNICON-INFO: +++ edge-9300 with alias 'a': executing command 'show device-tracking database interface GigabitEthernet1/0/48' +++

2021-12-01 13:09:48,440: %UNICON-INFO: +++ edge-9300 with alias 'a': executing command 'show telemetry internal connection' +++

2021-12-01 13:10:49,051: %UNICON-INFO: +++ edge-9300 with alias 'a': executing command 'show device-tracking database interface GigabitEthernet1/0/48' +++

2021-12-01 13:10:49,321: %UNICON-INFO: +++ edge-9300 with alias 'a': executing command 'show telemetry internal connection' +++

2021-12-01 13:11:49,936: %UNICON-INFO: +++ edge-9300 with alias 'a': executing command 'show device-tracking database interface GigabitEthernet1/0/48' +++

2021-12-01 13:11:50,208: %UNICON-INFO: +++ edge-9300 with alias 'a': executing command 'show telemetry internal connection' +++

2021-12-01 13:13:51,823: %UNICON-INFO: +++ edge-9300 with alias 'a': executing command 'show run interface GigabitEthernet1/0/48' +++

2021-12-01 13:14:02,719: %UNICON-INFO: +++ edge-9300 with alias 'a': executing command 'show interface GigabitEthernet1/0/48' +++

2021-12-01 13:14:25,488: %UNICON-INFO: +++ edge-9300 with alias 'a': executing command 'show interface vlan 100' +++

2021-12-01 13:14:38,653: %UNICON-INFO: +++ edge-9300 with alias 'a': executing command 'show interface GigabitEthernet1/0/48' +++

2021-12-01 13:14:40,483: %UNICON-INFO: +++ edge-9300 with alias 'a': executing command 'show interface vlan 100' +++

2021-12-01 13:14:41,896: %UNICON-INFO: +++ edge-9300 with alias 'a': executing command 'show authentication sessions interface GigabitEthernet1/0/48 details' +++

2021-12-01 13:14:42,245: %UNICON-INFO: +++ edge-9300 with alias 'a': executing command 'show device-tracking database interface GigabitEthernet1/0/48' +++

2021-12-01 13:19:42,833: %UNICON-INFO: +++ edge-9300 with alias 'a': executing command 'write memory' +++

2021-12-01 13:19:48,311: %UNICON-INFO: +++ edge-9300 with alias 'a': executing command 'show redundancy sta |  in peer' +++

2021-12-01 13:19:48,583: %UNICON-INFO: +++ edge-9300 with alias 'a': executing command 'show redundancy sta | inc Redundancy State' +++
